2026-01-09 15:59:12 -    读取数据: C:\_code\FS_SSC\resource\dataSet.csv
2026-01-09 15:59:12 -    已添加 'Sample_ID' 列，用于保留原始样本行号信息。
2026-01-09 15:59:12 -    正在执行基于梯度的分层抽样 (Stratified Split)...
2026-01-09 15:59:12 -    [Data Split] 完成 | 训练集: 47 | 测试集: 21
2026-01-09 15:59:12 -    [Check] 训练集Max: 11.80 | 测试集Max: 12.88
2026-01-09 15:59:12 - 
[Step 2] 运行筛选 (MPA)...
2026-01-09 15:59:44 - ✅ 筛选结束 | 剩余特征: 12
2026-01-09 15:59:44 - 
[Step 3] 生成可视化...
2026-01-09 15:59:45 - 
[Step 4] 运行建模 (自动优化)...
2026-01-09 15:59:48 - ========================================
2026-01-09 15:59:48 - FINAL REPORT
2026-01-09 15:59:48 - ========================================
2026-01-09 15:59:48 - 1. 算法配置 (Configuration)
2026-01-09 15:59:48 -    - Feature Algo : MPA
2026-01-09 15:59:48 -    [Parameters]:
2026-01-09 15:59:48 -      * epoch        : 200
2026-01-09 15:59:48 -      * pop_size     : 100
2026-01-09 15:59:48 -      * penalty      : 0.5
2026-01-09 15:59:48 -    - Model Algo   : PLS
2026-01-09 15:59:48 - ----------------------------------------
2026-01-09 15:59:48 - 2. 特征筛选结果 (Feature Selection)
2026-01-09 15:59:48 -    - Count        : 12
2026-01-09 15:59:48 -    - Selected     : ['b24', 'b30', 'b31', 'b33', 'b35', 'b56', 'b58', 'b59', 'b69', 'b78', 'b99', 'b134']
2026-01-09 15:59:48 - ----------------------------------------
2026-01-09 15:59:48 - 3. 建模参数 (Model Hyperparameters)
2026-01-09 15:59:48 -    - Best Params  : {'n_components': 3}
2026-01-09 15:59:48 - ----------------------------------------
2026-01-09 15:59:48 - 4. 模型性能表现 (Model Performance)
2026-01-09 15:59:48 -    [Training Set]
2026-01-09 15:59:48 -    - R2           : 0.5156
2026-01-09 15:59:48 -    - RMSE         : 2.0438
2026-01-09 15:59:48 -    - - - - - - - - - - - - - - -
2026-01-09 15:59:48 -    [Test Set] (Independent)
2026-01-09 15:59:48 -    - R2           : 0.3658
2026-01-09 15:59:48 -    - RMSE         : 2.5026
2026-01-09 15:59:48 - ========================================
