2026-02-28 14:58:32 - FS_SSC - INFO - Task started: PCA_PLS_20260228_145832
2026-02-28 14:58:32 - FS_SSC - INFO - Available algorithms: ['CARS', 'GA', 'GWO', 'HHO', 'MPA', 'PCA', 'SPA']
2026-02-28 14:58:32 - FS_SSC - INFO - Available models: ['PLS', 'RF', 'SVM']
2026-02-28 14:58:32 - FS_SSC - INFO - [Step 1] Data preprocessing...
2026-02-28 14:58:32 - FS_SSC - INFO -    [Processor] 读取原始数据: dataSet.csv
2026-02-28 14:58:32 - FS_SSC - INFO -    [Processor] 执行分层抽样 (Test Size: 0.3)...
2026-02-28 14:58:32 - FS_SSC - INFO -    [Box-Cox] 未启用，保留原始数据。
2026-02-28 14:58:32 - FS_SSC - INFO -    ✅ 数据预处理完成. Train: 47, Test: 21
2026-02-28 14:58:32 - FS_SSC - INFO - [Step 2] Feature processing (PCA)...
2026-02-28 14:58:32 - FS_SSC - INFO -    Mode: Feature Extraction
2026-02-28 14:58:32 - FS_SSC - INFO - [PCA] Starting extraction | Components: 3
2026-02-28 14:58:32 - FS_SSC - INFO - [PCA] Train: train_data.csv
2026-02-28 14:58:32 - FS_SSC - INFO - [PCA] Test: test_data.csv
2026-02-28 14:58:32 - FS_SSC - INFO - [PCA] Generated 3 features | Explained variance: 99.17%
2026-02-28 14:58:32 - FS_SSC - INFO - [PCA] Results saved
2026-02-28 14:58:32 - FS_SSC - INFO - Feature processing done | Features: 3
2026-02-28 14:58:32 - FS_SSC - INFO - [Step 3] Visualization...
2026-02-28 14:58:32 - FS_SSC - INFO -    [Skip] PCA mode - skipping band visualization.
2026-02-28 14:58:32 - FS_SSC - INFO - [Step 4] Modeling (PLS)...
2026-02-28 14:58:32 - FS_SSC - INFO - Starting modeling pipeline...
2026-02-28 14:58:32 - FS_SSC - INFO - Features: 3
2026-02-28 14:58:32 - FS_SSC - INFO - Running PLS (RandomizedSearchCV)...
2026-02-28 14:58:36 - FS_SSC - INFO - Best n_components: 3
2026-02-28 14:58:36 - FS_SSC - INFO - Best params: {'n_components': 3}
2026-02-28 14:58:36 - FS_SSC - INFO - Results (no transform) -> Train R2: 0.4857 | Test R2: 0.3137 | Test RMSE: 2.6034
2026-02-28 14:58:37 - FS_SSC - INFO - ========================================
2026-02-28 14:58:37 - FS_SSC - INFO - FINAL REPORT
2026-02-28 14:58:37 - FS_SSC - INFO - ========================================
2026-02-28 14:58:37 - FS_SSC - INFO -    [Train] R2=0.4857, RMSE=2.1060
2026-02-28 14:58:37 - FS_SSC - INFO -    [Test ] R2=0.3137, RMSE=2.6034
2026-02-28 14:58:37 - FS_SSC - INFO - ========================================
2026-02-28 14:58:37 - FS_SSC - INFO - Run Completed.
