2026-01-09 15:49:00 -    读取数据: C:\_code\FS_SSC\resource\dataSet.csv
2026-01-09 15:49:00 -    已添加 'Sample_ID' 列，用于保留原始样本行号信息。
2026-01-09 15:49:00 -    正在执行基于梯度的分层抽样 (Stratified Split)...
2026-01-09 15:49:00 -    [Data Split] 完成 | 训练集: 47 | 测试集: 21
2026-01-09 15:49:00 -    [Check] 训练集Max: 11.80 | 测试集Max: 12.88
2026-01-09 15:49:00 - 
[Step 2] 运行筛选 (CARS)...
2026-01-09 15:49:01 - ✅ 筛选结束 | 剩余特征: 2
2026-01-09 15:49:01 - 
[Step 3] 生成可视化...
2026-01-09 15:49:02 - 
[Step 4] 运行建模 (自动优化)...
2026-01-09 15:49:05 - ========================================
2026-01-09 15:49:05 - FINAL REPORT
2026-01-09 15:49:05 - ========================================
2026-01-09 15:49:05 - 1. 算法配置 (Configuration)
2026-01-09 15:49:05 -    - Feature Algo : CARS
2026-01-09 15:49:05 -    [Parameters]:
2026-01-09 15:49:05 -      * n_iter       : 200
2026-01-09 15:49:05 -      * k_fold       : 5
2026-01-09 15:49:05 -      * n_components : 4
2026-01-09 15:49:05 -    - Model Algo   : PLS
2026-01-09 15:49:05 - ----------------------------------------
2026-01-09 15:49:05 - 2. 特征筛选结果 (Feature Selection)
2026-01-09 15:49:05 -    - Count        : 2
2026-01-09 15:49:05 -    - Selected     : ['b92', 'b143']
2026-01-09 15:49:05 - ----------------------------------------
2026-01-09 15:49:05 - 3. 建模参数 (Model Hyperparameters)
2026-01-09 15:49:05 -    - Best Params  : {'n_components': 2}
2026-01-09 15:49:05 - ----------------------------------------
2026-01-09 15:49:05 - 4. 模型性能表现 (Model Performance)
2026-01-09 15:49:05 -    [Training Set]
2026-01-09 15:49:05 -    - R2           : 0.5047
2026-01-09 15:49:05 -    - RMSE         : 2.0666
2026-01-09 15:49:05 -    - - - - - - - - - - - - - - -
2026-01-09 15:49:05 -    [Test Set] (Independent)
2026-01-09 15:49:05 -    - R2           : 0.3241
2026-01-09 15:49:05 -    - RMSE         : 2.5837
2026-01-09 15:49:05 - ========================================
