00:19:36 - 🚀 任务启动: HHO_PLS_20260110_001936
00:19:36 -    [Processor] 读取原始数据: dataSet.csv
00:19:36 -    [Processor] 执行分层抽样 (Test Size: 0.3)...
00:19:36 -    [Box-Cox] 未启用，保留原始数据。
00:19:36 -    ✅ 数据预处理完成. Train: 47, Test: 21
00:19:36 - 
[Step 2] 运行特征处理 (HHO)...
00:19:36 -    >>> 模式: 特征筛选 (Feature Selection)
00:20:08 - ✅ 特征处理结束 | 最终特征数: 1
00:20:08 - 
[Step 3] 可视化检查...
00:20:09 - 
[Step 4] 运行建模 (PLS)...
00:20:11 - ========================================
00:20:11 - FINAL REPORT
00:20:11 - ========================================
00:20:11 -    [Train] R2=0.4497, RMSE=2.1783
00:20:11 -    [Test ] R2=0.3224, RMSE=2.5870
00:20:11 - ========================================
00:20:11 - Run Completed.
