18:48:22 -    读取数据: C:\_code\FS_SSC\resource\dataSet.csv
18:48:22 -    [Data Split] 训练集: 47 | 测试集: 21
18:48:22 - 
[Step 2] 运行特征处理 (PCA)...
18:48:22 -    >>> 模式: 特征提取 (Feature Extraction)
18:48:22 - ✅ 特征处理结束 | 最终特征数: 3
18:48:22 - 
[Step 3] 可视化检查...
18:48:22 -    [Skip] PCA 模式跳过波段位置可视化。
18:48:22 - 
[Step 4] 运行建模 (自动优化)...
18:48:22 -    数据源: train_data_pca.csv
18:48:25 - ========================================
18:48:25 - FINAL REPORT
18:48:25 - ========================================
18:48:25 - 1. Algorithm: PCA
18:48:25 -    - n_components : 3
18:48:25 - ----------------------------------------
18:48:25 - 2. Features: 3
18:48:25 -    - Latent Vars  : ['PC1', 'PC2', 'PC3']
18:48:25 - ----------------------------------------
18:48:25 - 3. Model Performance (PLS)
18:48:25 -    [Train] R2=0.4857, RMSE=2.1060
18:48:25 -    [Test ] R2=0.3137, RMSE=2.6034
18:48:25 - ========================================
