2026-01-09 15:29:40 -    读取数据: C:\_code\FS_SSC\resource\dataSet.csv
2026-01-09 15:29:40 -    已添加 'Sample_ID' 列，用于保留原始样本行号信息。
2026-01-09 15:29:40 -    正在执行基于梯度的分层抽样 (Stratified Split)...
2026-01-09 15:29:40 -    [Data Split] 完成 | 训练集: 47 | 测试集: 21
2026-01-09 15:29:40 -    [Check] 训练集Max: 11.80 | 测试集Max: 12.88
2026-01-09 15:29:40 - 
[Step 2] 运行筛选 (GWO)...
2026-01-09 15:30:07 - ✅ 筛选结束 | 剩余特征: 19
2026-01-09 15:30:07 - 
[Step 3] 生成可视化...
2026-01-09 15:30:07 - 
[Step 4] 运行建模 (自动优化)...
2026-01-09 15:30:10 - ========================================
2026-01-09 15:30:10 - FINAL REPORT
2026-01-09 15:30:10 - ========================================
2026-01-09 15:30:10 - 1. 算法配置 (Configuration)
2026-01-09 15:30:10 -    - Feature Algo : GWO
2026-01-09 15:30:10 -    [Parameters]:
2026-01-09 15:30:10 -      * epoch        : 200
2026-01-09 15:30:10 -      * pop_size     : 100
2026-01-09 15:30:10 -      * penalty      : 0.2
2026-01-09 15:30:10 -    - Model Algo   : PLS
2026-01-09 15:30:10 - ----------------------------------------
2026-01-09 15:30:10 - 2. 特征筛选结果 (Feature Selection)
2026-01-09 15:30:10 -    - Count        : 19
2026-01-09 15:30:10 -    - Selected     : ['b41', 'b58', 'b59', 'b64', 'b91', 'b94', 'b100', 'b104', 'b105', 'b107', 'b110', 'b113', 'b121', 'b131', 'b142', 'b144', 'b149', 'b151', 'b152']
2026-01-09 15:30:10 - ----------------------------------------
2026-01-09 15:30:10 - 3. 建模参数 (Model Hyperparameters)
2026-01-09 15:30:10 -    - Best Params  : {'n_components': 4}
2026-01-09 15:30:10 - ----------------------------------------
2026-01-09 15:30:10 - 4. 模型性能表现 (Model Performance)
2026-01-09 15:30:10 -    [Training Set]
2026-01-09 15:30:10 -    - R2           : 0.5924
2026-01-09 15:30:10 -    - RMSE         : 1.8748
2026-01-09 15:30:10 -    - - - - - - - - - - - - - - -
2026-01-09 15:30:10 -    [Test Set] (Independent)
2026-01-09 15:30:10 -    - R2           : 0.2135
2026-01-09 15:30:10 -    - RMSE         : 2.7871
2026-01-09 15:30:10 - ========================================
