2026-01-07 16:53:51 -    读取数据: C:\_code\FS_SSC\resource\dataSet.csv
2026-01-07 16:53:51 -    已添加 'Sample_ID' 列，用于保留原始样本行号信息。
2026-01-07 16:53:51 -    正在执行基于梯度的分层抽样 (Stratified Split)...
2026-01-07 16:53:51 -    [Data Split] 完成 | 训练集: 47 | 测试集: 21
2026-01-07 16:53:51 -    [Check] 训练集Max: 11.80 | 测试集Max: 12.88
2026-01-07 16:53:51 - 
[Step 2] 运行筛选 (MPA)...
2026-01-07 16:54:22 - ✅ 筛选结束 | 剩余特征: 12
2026-01-07 16:54:22 - 
[Step 3] 生成可视化...
2026-01-07 16:54:22 - 
[Step 4] 运行建模 (自动优化)...
2026-01-07 16:54:26 - ========================================
2026-01-07 16:54:26 - FINAL REPORT
2026-01-07 16:54:26 - ========================================
2026-01-07 16:54:26 - 1. 算法配置 (Configuration)
2026-01-07 16:54:26 -    - Feature Algo : MPA
2026-01-07 16:54:26 -    [Parameters]:
2026-01-07 16:54:26 -      * epoch        : 200
2026-01-07 16:54:26 -      * pop_size     : 100
2026-01-07 16:54:26 -      * penalty      : 0.2
2026-01-07 16:54:26 -    - Model Algo   : PLS
2026-01-07 16:54:26 - ----------------------------------------
2026-01-07 16:54:26 - 2. 特征筛选结果 (Feature Selection)
2026-01-07 16:54:26 -    - Count        : 12
2026-01-07 16:54:26 -    - Selected     : ['b25', 'b30', 'b33', 'b59', 'b62', 'b70', 'b97', 'b99', 'b127', 'b136', 'b138', 'b139']
2026-01-07 16:54:26 - ----------------------------------------
2026-01-07 16:54:26 - 3. 建模参数 (Model Hyperparameters)
2026-01-07 16:54:26 -    - Best Params  : {'n_components': 8}
2026-01-07 16:54:26 - ----------------------------------------
2026-01-07 16:54:26 - 4. 模型性能表现 (Model Performance)
2026-01-07 16:54:26 -    [Training Set]
2026-01-07 16:54:26 -    - R2           : 0.7730
2026-01-07 16:54:26 -    - RMSE         : 1.3992
2026-01-07 16:54:26 -    - - - - - - - - - - - - - - -
2026-01-07 16:54:26 -    [Test Set] (Independent)
2026-01-07 16:54:26 -    - R2           : 0.0431
2026-01-07 16:54:26 -    - RMSE         : 3.0742
2026-01-07 16:54:26 - ========================================
