2026-01-09 18:02:15 -    读取数据: C:\_code\FS_SSC\resource\dataSet.csv
2026-01-09 18:02:15 -    已添加 'Sample_ID' 列，用于保留原始样本行号信息。
2026-01-09 18:02:15 -    正在执行基于梯度的分层抽样 (Stratified Split)...
2026-01-09 18:02:15 -    [Data Split] 完成 | 训练集: 47 | 测试集: 21
2026-01-09 18:02:15 -    [Check] 训练集Max: 11.80 | 测试集Max: 12.88
2026-01-09 18:02:15 - 
[Step 2] 运行筛选 (SPA)...
2026-01-09 18:02:19 - ✅ 筛选结束 | 剩余特征: 10
2026-01-09 18:02:19 - 
[Step 3] 生成可视化...
2026-01-09 18:02:20 - 
[Step 4] 运行建模 (自动优化)...
2026-01-09 18:02:23 - ========================================
2026-01-09 18:02:23 - FINAL REPORT
2026-01-09 18:02:23 - ========================================
2026-01-09 18:02:23 - 1. 算法配置 (Configuration)
2026-01-09 18:02:23 -    - Feature Algo : SPA
2026-01-09 18:02:23 -    [Parameters]:
2026-01-09 18:02:23 -    - Model Algo   : PLS
2026-01-09 18:02:23 - ----------------------------------------
2026-01-09 18:02:23 - 2. 特征筛选结果 (Feature Selection)
2026-01-09 18:02:23 -    - Count        : 10
2026-01-09 18:02:23 -    - Selected     : ['b14', 'b100', 'b138', 'b142', 'b150', 'b152', 'b155', 'b158', 'b160', 'b163']
2026-01-09 18:02:23 - ----------------------------------------
2026-01-09 18:02:23 - 3. 建模参数 (Model Hyperparameters)
2026-01-09 18:02:23 -    - Best Params  : {'n_components': 6}
2026-01-09 18:02:23 - ----------------------------------------
2026-01-09 18:02:23 - 4. 模型性能表现 (Model Performance)
2026-01-09 18:02:23 -    [Training Set]
2026-01-09 18:02:23 -    - R2           : 0.6090
2026-01-09 18:02:23 -    - RMSE         : 1.8361
2026-01-09 18:02:23 -    - - - - - - - - - - - - - - -
2026-01-09 18:02:23 -    [Test Set] (Independent)
2026-01-09 18:02:23 -    - R2           : 0.3468
2026-01-09 18:02:23 -    - RMSE         : 2.5399
2026-01-09 18:02:23 - ========================================
