2026-01-07 16:41:45 -    读取数据: C:\_code\FS_SSC\resource\dataSet.csv
2026-01-07 16:41:45 -    已添加 'Sample_ID' 列，用于保留原始样本行号信息。
2026-01-07 16:41:45 -    正在执行基于梯度的分层抽样 (Stratified Split)...
2026-01-07 16:41:45 -    [Data Split] 完成 | 训练集: 47 | 测试集: 21
2026-01-07 16:41:45 -    [Check] 训练集Max: 11.80 | 测试集Max: 12.88
2026-01-07 16:41:45 - 
[Step 2] 运行筛选 (MPA)...
2026-01-07 16:42:00 - ✅ 筛选结束 | 剩余特征: 9
2026-01-07 16:42:00 - 
[Step 3] 生成可视化...
2026-01-07 16:42:01 - 
[Step 4] 运行建模 (自动优化)...
2026-01-07 16:42:04 - ========================================
2026-01-07 16:42:04 - FINAL REPORT
2026-01-07 16:42:04 - ========================================
2026-01-07 16:42:04 - 1. 算法配置 (Configuration)
2026-01-07 16:42:04 -    - Feature Algo : MPA
2026-01-07 16:42:04 -    - Model Algo   : PLS
2026-01-07 16:42:04 - ----------------------------------------
2026-01-07 16:42:04 - 2. 特征筛选结果 (Feature Selection)
2026-01-07 16:42:04 -    - Count        : 9
2026-01-07 16:42:04 -    - Selected     : ['b21', 'b23', 'b31', 'b59', 'b77', 'b98', 'b99', 'b111', 'b137']
2026-01-07 16:42:04 - ----------------------------------------
2026-01-07 16:42:04 - 3. 模型优化参数 (Hyperparameters)
2026-01-07 16:42:04 -    - Best Params  : {'n_components': 3}
2026-01-07 16:42:04 - ----------------------------------------
2026-01-07 16:42:04 - 4. 模型性能表现 (Model Performance)
2026-01-07 16:42:04 -    [Training Set]
2026-01-07 16:42:04 -    - R2           : 0.52
2026-01-07 16:42:04 -    - RMSE         : 2.03
2026-01-07 16:42:04 -    - - - - - - - - - - - - - - -
2026-01-07 16:42:04 -    [Test Set] (Independent)
2026-01-07 16:42:04 -    - R2           : 0.37
2026-01-07 16:42:04 -    - RMSE         : 2.50
2026-01-07 16:42:04 - ========================================
