00:14:09 - 🚀 任务启动: HHO_PLS_20260110_001409
00:14:09 -    [Processor] 读取原始数据: dataSet.csv
00:14:09 -    [Processor] 执行分层抽样 (Test Size: 0.3)...
00:14:09 -    🚀 [Box-Cox] 正在执行 Box-Cox 变换...
00:14:09 -    📝 Lambda (0.0443) 已保存至: lambda_value.txt
00:14:09 -    ✅ 数据预处理完成. Train: 47, Test: 21
00:14:09 - 
[Step 2] 运行特征处理 (HHO)...
00:14:09 -    >>> 模式: 特征筛选 (Feature Selection)
00:14:49 - ✅ 特征处理结束 | 最终特征数: 2
00:14:49 - 
[Step 3] 可视化检查...
00:14:50 - 
[Step 4] 运行建模 (PLS)...
00:14:52 - ========================================
00:14:52 - FINAL REPORT
00:14:52 - ========================================
00:14:52 -    [Train] R2=0.4095, RMSE=2.2565
00:14:52 -    [Test ] R2=0.2092, RMSE=2.7947
00:14:52 - ========================================
00:14:52 - Run Completed.
