2026-02-28 14:56:09 - FS_SSC - INFO - Task started: HHO_RF_20260228_145609
2026-02-28 14:56:09 - FS_SSC - INFO - Available algorithms: ['CARS', 'GA', 'GWO', 'HHO', 'MPA', 'PCA', 'SPA']
2026-02-28 14:56:09 - FS_SSC - INFO - Available models: ['PLS', 'RF', 'SVM']
2026-02-28 14:56:09 - FS_SSC - INFO - [Step 1] Data preprocessing...
2026-02-28 14:56:09 - FS_SSC - INFO -    [Processor] 读取原始数据: dataSet.csv
2026-02-28 14:56:09 - FS_SSC - INFO -    [Processor] 执行分层抽样 (Test Size: 0.3)...
2026-02-28 14:56:09 - FS_SSC - INFO -    [Box-Cox] 未启用，保留原始数据。
2026-02-28 14:56:09 - FS_SSC - INFO -    ✅ 数据预处理完成. Train: 47, Test: 21
2026-02-28 14:56:09 - FS_SSC - INFO - [Step 2] Feature processing (HHO)...
2026-02-28 14:56:09 - FS_SSC - INFO -    Mode: Feature Selection
2026-02-28 14:56:09 - FS_SSC - INFO - Loading data from: log\HHO_RF_20260228_145609\train_data.csv
2026-02-28 14:56:09 - FS_SSC - INFO - Parameters: Epoch=200, Pop=250, Penalty=0.2
2026-02-28 14:56:09 - FS_SSC - INFO - Starting optimization...
2026-02-28 14:57:25 - FS_SSC - INFO - Best fitness: 0.35267638635804927
2026-02-28 14:57:25 - FS_SSC - INFO - Selected features: 8
2026-02-28 14:57:25 - FS_SSC - INFO - Results saved to: log\HHO_RF_20260228_145609\selected_features-HHO.csv
2026-02-28 14:57:25 - FS_SSC - INFO - Feature processing done | Features: 8
2026-02-28 14:57:25 - FS_SSC - INFO - [Step 3] Visualization...
2026-02-28 14:57:26 - FS_SSC - INFO - [Step 4] Modeling (RF)...
2026-02-28 14:57:26 - FS_SSC - INFO - Starting modeling pipeline...
2026-02-28 14:57:26 - FS_SSC - INFO - Features: 8
2026-02-28 14:57:26 - FS_SSC - INFO - Running RF (Optuna, 200 trials)...
2026-02-28 14:57:56 - FS_SSC - INFO - Best RMSE: 1.5021
2026-02-28 14:57:56 - FS_SSC - INFO - Best params: {'n_estimators': 17, 'max_depth': 3, 'min_samples_split': 2, 'min_samples_leaf': 1, 'max_features': 'log2'}
2026-02-28 14:57:56 - FS_SSC - INFO - Results (no transform) -> Train R2: 0.8825 | Test R2: 0.2536 | Test RMSE: 2.7151
2026-02-28 14:57:56 - FS_SSC - INFO - ========================================
2026-02-28 14:57:56 - FS_SSC - INFO - FINAL REPORT
2026-02-28 14:57:56 - FS_SSC - INFO - ========================================
2026-02-28 14:57:56 - FS_SSC - INFO -    [Train] R2=0.8825, RMSE=1.0067
2026-02-28 14:57:56 - FS_SSC - INFO -    [Test ] R2=0.2536, RMSE=2.7151
2026-02-28 14:57:56 - FS_SSC - INFO - ========================================
2026-02-28 14:57:56 - FS_SSC - INFO - Run Completed.
