2026-01-09 16:00:21 -    读取数据: C:\_code\FS_SSC\resource\dataSet.csv
2026-01-09 16:00:21 -    已添加 'Sample_ID' 列，用于保留原始样本行号信息。
2026-01-09 16:00:21 -    正在执行基于梯度的分层抽样 (Stratified Split)...
2026-01-09 16:00:21 -    [Data Split] 完成 | 训练集: 47 | 测试集: 21
2026-01-09 16:00:21 -    [Check] 训练集Max: 11.80 | 测试集Max: 12.88
2026-01-09 16:00:21 - 
[Step 2] 运行筛选 (MPA)...
2026-01-09 16:01:04 - ✅ 筛选结束 | 剩余特征: 11
2026-01-09 16:01:04 - 
[Step 3] 生成可视化...
2026-01-09 16:01:05 - 
[Step 4] 运行建模 (自动优化)...
2026-01-09 16:01:08 - ========================================
2026-01-09 16:01:08 - FINAL REPORT
2026-01-09 16:01:08 - ========================================
2026-01-09 16:01:08 - 1. 算法配置 (Configuration)
2026-01-09 16:01:08 -    - Feature Algo : MPA
2026-01-09 16:01:08 -    [Parameters]:
2026-01-09 16:01:08 -      * epoch        : 250
2026-01-09 16:01:08 -      * pop_size     : 120
2026-01-09 16:01:08 -      * penalty      : 0.4
2026-01-09 16:01:08 -    - Model Algo   : PLS
2026-01-09 16:01:08 - ----------------------------------------
2026-01-09 16:01:08 - 2. 特征筛选结果 (Feature Selection)
2026-01-09 16:01:08 -    - Count        : 11
2026-01-09 16:01:08 -    - Selected     : ['b24', 'b25', 'b30', 'b34', 'b58', 'b71', 'b78', 'b102', 'b106', 'b127', 'b148']
2026-01-09 16:01:08 - ----------------------------------------
2026-01-09 16:01:08 - 3. 建模参数 (Model Hyperparameters)
2026-01-09 16:01:08 -    - Best Params  : {'n_components': 7}
2026-01-09 16:01:08 - ----------------------------------------
2026-01-09 16:01:08 - 4. 模型性能表现 (Model Performance)
2026-01-09 16:01:08 -    [Training Set]
2026-01-09 16:01:08 -    - R2           : 0.7363
2026-01-09 16:01:08 -    - RMSE         : 1.5080
2026-01-09 16:01:08 -    - - - - - - - - - - - - - - -
2026-01-09 16:01:08 -    [Test Set] (Independent)
2026-01-09 16:01:08 -    - R2           : -0.1152
2026-01-09 16:01:08 -    - RMSE         : 3.3187
2026-01-09 16:01:08 - ========================================
