
=================================================================
  多算法多数据集对比实验
  算法：['HHO', 'SSA', 'SMA']  模型：['PLS', 'SVM', 'RF']
  数据集：['raw', 'enriched']
  每组运行：20 次  Epoch=120  Pop=60
  总运行次数：360
  结果目录：/Users/mixianyun/Desktop/FS_SSC/log/algo_comparison_20260316_230530
=================================================================

[1/18] raw/HHO/PLS....................  R²=0.2844±0.0856  n_feat=4.2
[2/18] raw/HHO/SVM....................  R²=0.2689±0.0829  n_feat=3.6
[3/18] raw/HHO/RF....................  R²=0.2933±0.1153  n_feat=3.5
[4/18] raw/SSA/PLS....................  R²=0.3255±0.0474  n_feat=42.1
[5/18] raw/SSA/SVM....................  R²=0.3005±0.0593  n_feat=40.6
[6/18] raw/SSA/RF....................  R²=0.3581±0.0339  n_feat=37.8
[7/18] raw/SMA/PLS....................  R²=0.1410±0.1479  n_feat=5.3
[8/18] raw/SMA/SVM....................  R²=0.2565±0.0456  n_feat=5.3
[9/18] raw/SMA/RF....................  R²=0.2993±0.0789  n_feat=6.1
[10/18] enriched/HHO/PLS....................  R²=0.2846±0.1079  n_feat=4.8
[11/18] enriched/HHO/SVM....................  R²=0.2494±0.0534  n_feat=5.5
[12/18] enriched/HHO/RF....................  R²=0.3186±0.0598  n_feat=4.0
[13/18] enriched/SSA/PLS....................  R²=0.3290±0.0386  n_feat=41.7
[14/18] enriched/SSA/SVM....................  R²=0.2997±0.0972  n_feat=37.0
[15/18] enriched/SSA/RF....................  R²=0.3172±0.0492  n_feat=36.0
[16/18] enriched/SMA/PLS....................  R²=0.1866±0.1325  n_feat=5.7
[17/18] enriched/SMA/SVM....................  R²=0.2359±0.0849  n_feat=6.0
[18/18] enriched/SMA/RF....................  R²=0.2809±0.0915  n_feat=6.2

===========================================================================
  汇总（按数据集分组）
===========================================================================

  [raw]
  算法     模型     Test R²(mean±std)      RMSE(mean±std)       n_feat
  -----------------------------------------------------------------
  HHO    PLS    0.2844±0.0856          2.6543±0.1537        4.2
  HHO    SVM    0.2689±0.0829          2.6832±0.1496        3.6
  HHO    RF     0.2933±0.1153          2.6337±0.2129        3.6
  SSA    PLS    0.3255±0.0474          2.5795±0.0899        42.1
  SSA    SVM    0.3005±0.0593          2.626±0.1128         40.6
  SSA    RF     0.3581±0.0339          2.517±0.0665         37.8
  SMA    PLS    0.141±0.1479           2.9021±0.2537        5.3
  SMA    SVM    0.2565±0.0456          2.7085±0.0831        5.3
  SMA    RF     0.2993±0.0789          2.6268±0.1455        6.1

  [enriched]
  算法     模型     Test R²(mean±std)      RMSE(mean±std)       n_feat
  -----------------------------------------------------------------
  HHO    PLS    0.2846±0.1079          2.6516±0.1909        4.8
  HHO    SVM    0.2494±0.0534          2.7211±0.0961        5.5
  HHO    RF     0.3186±0.0598          2.5918±0.1135        4.0
  SSA    PLS    0.329±0.0386           2.5733±0.0736        41.7
  SSA    SVM    0.2997±0.0972          2.6235±0.188         37.0
  SSA    RF     0.3172±0.0492          2.5952±0.0948        36.0
  SMA    PLS    0.1866±0.1325          2.8249±0.2363        5.6
  SMA    SVM    0.2359±0.0849          2.7434±0.1448        6.0
  SMA    RF     0.2809±0.0915          2.6597±0.1702        6.2

详细结果：/Users/mixianyun/Desktop/FS_SSC/log/algo_comparison_20260316_230530/results.csv
汇总结果：/Users/mixianyun/Desktop/FS_SSC/log/algo_comparison_20260316_230530/summary.csv
Wilcoxon：/Users/mixianyun/Desktop/FS_SSC/log/algo_comparison_20260316_230530/wilcoxon_table.csv

