2026-01-09 15:29:00 -    读取数据: C:\_code\FS_SSC\resource\dataSet.csv
2026-01-09 15:29:00 -    已添加 'Sample_ID' 列，用于保留原始样本行号信息。
2026-01-09 15:29:00 -    正在执行基于梯度的分层抽样 (Stratified Split)...
2026-01-09 15:29:00 -    [Data Split] 完成 | 训练集: 47 | 测试集: 21
2026-01-09 15:29:00 -    [Check] 训练集Max: 11.80 | 测试集Max: 12.88
2026-01-09 15:29:00 - 
[Step 2] 运行筛选 (GWO)...
2026-01-09 15:29:07 - ✅ 筛选结束 | 剩余特征: 28
2026-01-09 15:29:07 - 
[Step 3] 生成可视化...
2026-01-09 15:29:08 - 
[Step 4] 运行建模 (自动优化)...
2026-01-09 15:29:11 - ========================================
2026-01-09 15:29:11 - FINAL REPORT
2026-01-09 15:29:11 - ========================================
2026-01-09 15:29:11 - 1. 算法配置 (Configuration)
2026-01-09 15:29:11 -    - Feature Algo : GWO
2026-01-09 15:29:11 -    [Parameters]:
2026-01-09 15:29:11 -      * epoch        : 100
2026-01-09 15:29:11 -      * pop_size     : 50
2026-01-09 15:29:11 -      * penalty      : 0.2
2026-01-09 15:29:11 -    - Model Algo   : PLS
2026-01-09 15:29:11 - ----------------------------------------
2026-01-09 15:29:11 - 2. 特征筛选结果 (Feature Selection)
2026-01-09 15:29:11 -    - Count        : 28
2026-01-09 15:29:11 -    - Selected     : ['b31', 'b32', 'b33', 'b36', 'b56', 'b59', 'b62', 'b65', 'b66', 'b72', 'b75', 'b90', 'b92', 'b95', 'b99', 'b104', 'b105', 'b109', 'b113', 'b130', 'b131', 'b142', 'b143', 'b152', 'b156', 'b161', 'b162', 'b163']
2026-01-09 15:29:11 - ----------------------------------------
2026-01-09 15:29:11 - 3. 建模参数 (Model Hyperparameters)
2026-01-09 15:29:11 -    - Best Params  : {'n_components': 9}
2026-01-09 15:29:11 - ----------------------------------------
2026-01-09 15:29:11 - 4. 模型性能表现 (Model Performance)
2026-01-09 15:29:11 -    [Training Set]
2026-01-09 15:29:11 -    - R2           : 0.8180
2026-01-09 15:29:11 -    - RMSE         : 1.2527
2026-01-09 15:29:11 -    - - - - - - - - - - - - - - -
2026-01-09 15:29:11 -    [Test Set] (Independent)
2026-01-09 15:29:11 -    - R2           : 0.3433
2026-01-09 15:29:11 -    - RMSE         : 2.5468
2026-01-09 15:29:11 - ========================================
