00:11:08 - 🚀 任务启动: PCA_PLS_20260110_001108
00:11:08 -    [Processor] 读取原始数据: dataSet.csv
00:11:08 -    [Processor] 未发现 Sample_ID，自动生成...
00:11:08 -    [Processor] 执行分层抽样 (Test Size: 0.3)...
00:11:08 -    🚀 [Box-Cox] 正在执行 Box-Cox 变换...
00:11:08 -    📝 Lambda (0.0443) 已保存至: lambda_value.txt
00:11:08 -    ✅ 数据预处理完成. Train: 47, Test: 21
00:11:08 -    📂 文件已保存至: log\PCA_PLS_20260110_001108
00:11:08 - 
[Step 2] 运行特征处理 (PCA)...
00:11:08 -    >>> 模式: 特征提取 (Feature Extraction)
00:11:08 - ✅ 特征处理结束 | 最终特征数: 3
00:11:08 - 
[Step 3] 可视化检查...
00:11:08 -    [Skip] PCA 模式跳过原始波段可视化。
00:11:08 - 
[Step 4] 运行建模 (PLS)...
00:11:12 - ========================================
00:11:12 - FINAL REPORT
00:11:12 - ========================================
00:11:12 - ⚠️ [注意] 当前使用的 RMSE 是基于 Box-Cox 变换后数据的误差。
00:11:12 - ⚠️ 若需论文汇报用的真实 RMSE (g/kg)，请使用 DataProcessor.inverse_boxcox 还原预测值。
00:11:12 - ⚠️ Lambda 值已保存至: log\PCA_PLS_20260110_001108\lambda_value.txt
00:11:12 -    [Train] R2=0.3462, RMSE=2.3744
00:11:12 -    [Test ] R2=0.1677, RMSE=2.8670
00:11:12 - ========================================
00:11:12 - Run Completed.
