2026-01-09 15:55:55 -    读取数据: C:\_code\FS_SSC\resource\dataSet.csv
2026-01-09 15:55:55 -    已添加 'Sample_ID' 列，用于保留原始样本行号信息。
2026-01-09 15:55:55 -    正在执行基于梯度的分层抽样 (Stratified Split)...
2026-01-09 15:55:55 -    [Data Split] 完成 | 训练集: 47 | 测试集: 21
2026-01-09 15:55:55 -    [Check] 训练集Max: 11.80 | 测试集Max: 12.88
2026-01-09 15:55:55 - 
[Step 2] 运行筛选 (GWO)...
2026-01-09 15:56:22 - ✅ 筛选结束 | 剩余特征: 18
2026-01-09 15:56:22 - 
[Step 3] 生成可视化...
2026-01-09 15:56:22 - 
[Step 4] 运行建模 (自动优化)...
2026-01-09 15:56:26 - ========================================
2026-01-09 15:56:26 - FINAL REPORT
2026-01-09 15:56:26 - ========================================
2026-01-09 15:56:26 - 1. 算法配置 (Configuration)
2026-01-09 15:56:26 -    - Feature Algo : GWO
2026-01-09 15:56:26 -    [Parameters]:
2026-01-09 15:56:26 -      * epoch        : 200
2026-01-09 15:56:26 -      * pop_size     : 100
2026-01-09 15:56:26 -      * penalty      : 0.2
2026-01-09 15:56:26 -    - Model Algo   : PLS
2026-01-09 15:56:26 - ----------------------------------------
2026-01-09 15:56:26 - 2. 特征筛选结果 (Feature Selection)
2026-01-09 15:56:26 -    - Count        : 18
2026-01-09 15:56:26 -    - Selected     : ['b58', 'b91', 'b92', 'b103', 'b105', 'b109', 'b110', 'b111', 'b113', 'b124', 'b127', 'b132', 'b142', 'b145', 'b152', 'b156', 'b161', 'b163']
2026-01-09 15:56:26 - ----------------------------------------
2026-01-09 15:56:26 - 3. 建模参数 (Model Hyperparameters)
2026-01-09 15:56:26 -    - Best Params  : {'n_components': 2}
2026-01-09 15:56:26 - ----------------------------------------
2026-01-09 15:56:26 - 4. 模型性能表现 (Model Performance)
2026-01-09 15:56:26 -    [Training Set]
2026-01-09 15:56:26 -    - R2           : 0.4792
2026-01-09 15:56:26 -    - RMSE         : 2.1191
2026-01-09 15:56:26 -    - - - - - - - - - - - - - - -
2026-01-09 15:56:26 -    [Test Set] (Independent)
2026-01-09 15:56:26 -    - R2           : 0.3183
2026-01-09 15:56:26 -    - RMSE         : 2.5947
2026-01-09 15:56:26 - ========================================
