2026-01-07 16:40:56 -    读取数据: C:\_code\FS_SSC\resource\dataSet.csv
2026-01-07 16:40:56 -    已添加 'Sample_ID' 列，用于保留原始样本行号信息。
2026-01-07 16:40:56 -    正在执行基于梯度的分层抽样 (Stratified Split)...
2026-01-07 16:40:56 -    [Data Split] 完成 | 训练集: 47 | 测试集: 21
2026-01-07 16:40:56 -    [Check] 训练集Max: 11.80 | 测试集Max: 12.88
2026-01-07 16:40:56 - 
[Step 2] 运行筛选 (MPA)...
2026-01-07 16:41:07 - ✅ 筛选结束 | 剩余特征: 33
2026-01-07 16:41:07 - 
[Step 3] 生成可视化...
2026-01-07 16:41:07 - 
[Step 4] 运行建模 (自动优化)...
2026-01-07 16:41:10 - ========================================
2026-01-07 16:41:10 - FINAL REPORT
2026-01-07 16:41:10 - ========================================
2026-01-07 16:41:10 - 1. 算法配置 (Configuration)
2026-01-07 16:41:10 -    - Feature Algo : MPA
2026-01-07 16:41:10 -    - Model Algo   : PLS
2026-01-07 16:41:10 - ----------------------------------------
2026-01-07 16:41:10 - 2. 特征筛选结果 (Feature Selection)
2026-01-07 16:41:10 -    - Count        : 33
2026-01-07 16:41:10 -    - Selected     : ['b23', 'b26', 'b29', 'b30', 'b32', 'b33', 'b34', 'b37', 'b38', 'b53', 'b57', 'b58', 'b63', 'b65', 'b71', 'b76', 'b78', 'b79', 'b88', 'b92', 'b99', 'b103', 'b107', 'b111', 'b113', 'b131', 'b142', 'b143', 'b144', 'b149', 'b150', 'b152', 'b155']
2026-01-07 16:41:10 - ----------------------------------------
2026-01-07 16:41:10 - 3. 模型优化参数 (Hyperparameters)
2026-01-07 16:41:10 -    - Best Params  : {'n_components': 4}
2026-01-07 16:41:10 - ----------------------------------------
2026-01-07 16:41:10 - 4. 模型性能表现 (Model Performance)
2026-01-07 16:41:10 -    [Training Set]
2026-01-07 16:41:10 -    - R2           : 0.56
2026-01-07 16:41:10 -    - RMSE         : 1.96
2026-01-07 16:41:10 -    - - - - - - - - - - - - - - -
2026-01-07 16:41:10 -    [Test Set] (Independent)
2026-01-07 16:41:10 -    - R2           : 0.34
2026-01-07 16:41:10 -    - RMSE         : 2.55
2026-01-07 16:41:10 - ========================================
