2026-01-07 16:38:24 -    读取数据: C:\_code\FS_SSC\resource\dataSet.csv
2026-01-07 16:38:24 -    已添加 'Sample_ID' 列，用于保留原始样本行号信息。
2026-01-07 16:38:24 -    正在执行基于梯度的分层抽样 (Stratified Split)...
2026-01-07 16:38:24 -    [Data Split] 完成 | 训练集: 47 | 测试集: 21
2026-01-07 16:38:24 -    [Check] 训练集Max: 11.80 | 测试集Max: 12.88
2026-01-07 16:38:24 - 
[Step 2] 运行筛选 (MPA)...
2026-01-07 16:38:27 - ✅ 筛选结束 | 剩余特征: 7
2026-01-07 16:38:27 - 
[Step 3] 生成可视化...
2026-01-07 16:38:28 - 
[Step 4] 运行建模 (自动优化)...
2026-01-07 16:38:31 - ========================================
2026-01-07 16:38:31 - FINAL REPORT
2026-01-07 16:38:31 - ========================================
2026-01-07 16:38:31 - 1. 算法配置 (Configuration)
2026-01-07 16:38:31 -    - Feature Algo : MPA
2026-01-07 16:38:31 -    - Model Algo   : PLS
2026-01-07 16:38:31 - ----------------------------------------
2026-01-07 16:38:31 - 2. 特征筛选结果 (Feature Selection)
2026-01-07 16:38:31 -    - Count        : 7
2026-01-07 16:38:31 -    - Selected     : ['b16', 'b31', 'b59', 'b72', 'b102', 'b106', 'b143']
2026-01-07 16:38:31 - ----------------------------------------
2026-01-07 16:38:31 - 3. 模型优化参数 (Hyperparameters)
2026-01-07 16:38:31 -    - Best Params  : {'n_components': 5}
2026-01-07 16:38:31 - ----------------------------------------
2026-01-07 16:38:31 - 4. 模型性能表现 (Model Performance)
2026-01-07 16:38:31 -    [Training Set]
2026-01-07 16:38:31 -    - R2           : 0.67
2026-01-07 16:38:31 -    - RMSE         : 1.68
2026-01-07 16:38:31 -    - - - - - - - - - - - - - - -
2026-01-07 16:38:31 -    [Test Set] (Independent)
2026-01-07 16:38:31 -    - R2           : 0.17
2026-01-07 16:38:31 -    - RMSE         : 2.86
2026-01-07 16:38:31 - ========================================
