00:22:40 - 🚀 任务启动: HHO_PLS_20260110_002240
00:22:40 -    [Processor] 读取原始数据: dataSet.csv
00:22:40 -    [Processor] 执行分层抽样 (Test Size: 0.3)...
00:22:40 -    🚀 [Box-Cox] 正在执行 Box-Cox 变换...
00:22:40 -    📝 Lambda (0.0443) 已保存至: lambda_value.txt
00:22:40 -    ✅ 数据预处理完成. Train: 47, Test: 21
00:22:40 - 
[Step 2] 运行特征处理 (HHO)...
00:22:40 -    >>> 模式: 特征筛选 (Feature Selection)
00:23:06 - ✅ 特征处理结束 | 最终特征数: 18
00:23:06 - 
[Step 3] 可视化检查...
00:23:07 - 
[Step 4] 运行建模 (PLS)...
00:23:10 - ========================================
00:23:10 - FINAL REPORT
00:23:10 - ========================================
00:23:10 -    [Train] R2=0.3911, RMSE=2.2914
00:23:10 -    [Test ] R2=0.1512, RMSE=2.8954
00:23:10 - ========================================
00:23:10 - Run Completed.
