2026-01-09 15:48:11 -    读取数据: C:\_code\FS_SSC\resource\dataSet.csv
2026-01-09 15:48:11 -    已添加 'Sample_ID' 列，用于保留原始样本行号信息。
2026-01-09 15:48:11 -    正在执行基于梯度的分层抽样 (Stratified Split)...
2026-01-09 15:48:11 -    [Data Split] 完成 | 训练集: 47 | 测试集: 21
2026-01-09 15:48:11 -    [Check] 训练集Max: 11.80 | 测试集Max: 12.88
2026-01-09 15:48:11 - 
[Step 2] 运行筛选 (CARS)...
2026-01-09 15:48:12 - ✅ 筛选结束 | 剩余特征: 8
2026-01-09 15:48:12 - 
[Step 3] 生成可视化...
2026-01-09 15:48:13 - 
[Step 4] 运行建模 (自动优化)...
2026-01-09 15:48:15 - ========================================
2026-01-09 15:48:15 - FINAL REPORT
2026-01-09 15:48:15 - ========================================
2026-01-09 15:48:15 - 1. 算法配置 (Configuration)
2026-01-09 15:48:15 -    - Feature Algo : CARS
2026-01-09 15:48:15 -    [Parameters]:
2026-01-09 15:48:15 -      * n_iter       : 200
2026-01-09 15:48:15 -      * k_fold       : 5
2026-01-09 15:48:15 -      * n_components : 6
2026-01-09 15:48:15 -    - Model Algo   : PLS
2026-01-09 15:48:15 - ----------------------------------------
2026-01-09 15:48:15 - 2. 特征筛选结果 (Feature Selection)
2026-01-09 15:48:15 -    - Count        : 8
2026-01-09 15:48:15 -    - Selected     : ['b160', 'b157', 'b93', 'b143', 'b100', 'b152', 'b113', 'b146']
2026-01-09 15:48:15 - ----------------------------------------
2026-01-09 15:48:15 - 3. 建模参数 (Model Hyperparameters)
2026-01-09 15:48:15 -    - Best Params  : {'n_components': 5}
2026-01-09 15:48:15 - ----------------------------------------
2026-01-09 15:48:15 - 4. 模型性能表现 (Model Performance)
2026-01-09 15:48:15 -    [Training Set]
2026-01-09 15:48:15 -    - R2           : 0.6242
2026-01-09 15:48:15 -    - RMSE         : 1.8003
2026-01-09 15:48:15 -    - - - - - - - - - - - - - - -
2026-01-09 15:48:15 -    [Test Set] (Independent)
2026-01-09 15:48:15 -    - R2           : 0.3658
2026-01-09 15:48:15 -    - RMSE         : 2.5028
2026-01-09 15:48:15 - ========================================
