2026-01-07 15:27:45 - [Step 0] 数据划分完成 (7:3)
2026-01-07 15:27:45 - 
[Step 1] 运行筛选...
2026-01-07 15:27:58 - ✅ 筛选结束 | 剩余特征: 49
2026-01-07 15:27:58 - 
[Step 2] 生成可视化...
2026-01-07 15:27:58 - 
[Step 3] 运行建模 (自动优化)...
2026-01-07 15:28:01 - 1. 算法配置 (Configuration)
2026-01-07 15:28:01 -    - Feature Algo : GA
2026-01-07 15:28:01 -    - Model Algo   : PLS
2026-01-07 15:28:01 - ----------------------------------------
2026-01-07 15:28:01 - 2. 特征筛选结果 (Feature Selection)
2026-01-07 15:28:01 -    - Count        : 49
2026-01-07 15:28:01 -    - Selected     : ['b14', 'b15', 'b27', 'b29', 'b31', 'b33', 'b34', 'b35', 'b37', 'b48', 'b49', 'b51', 'b52', 'b53', 'b56', 'b58', 'b59', 'b60', 'b61', 'b64', 'b65', 'b73', 'b75', 'b76', 'b80', 'b81', 'b82', 'b84', 'b88', 'b90', 'b91', 'b95', 'b102', 'b103', 'b110', 'b111', 'b113', 'b116', 'b120', 'b121', 'b133', 'b138', 'b145', 'b146', 'b152', 'b155', 'b158', 'b160', 'b163']
2026-01-07 15:28:01 - ----------------------------------------
2026-01-07 15:28:01 - 3. 模型优化参数 (Hyperparameters)
2026-01-07 15:28:01 -    - Best Params  : {'n_components': 9}
2026-01-07 15:28:01 - ----------------------------------------
2026-01-07 15:28:01 - 4. 模型性能表现 (Model Performance)
2026-01-07 15:28:01 -    [Training Set]
2026-01-07 15:28:01 -    - R2           : 0.90
2026-01-07 15:28:01 -    - RMSE         : 0.96
2026-01-07 15:28:01 -    - - - - - - - - - - - - - - -
2026-01-07 15:28:01 -    [Test Set] (Independent)
2026-01-07 15:28:01 -    - R2           : -0.28
2026-01-07 15:28:01 -    - RMSE         : 3.35
2026-01-07 15:28:01 - ========================================
2026-01-07 15:28:01 - 🎉 结束 | 结果保存在: log\GA_PLS_20260107_152745
