2026-01-09 15:48:22 -    读取数据: C:\_code\FS_SSC\resource\dataSet.csv
2026-01-09 15:48:22 -    已添加 'Sample_ID' 列，用于保留原始样本行号信息。
2026-01-09 15:48:22 -    正在执行基于梯度的分层抽样 (Stratified Split)...
2026-01-09 15:48:22 -    [Data Split] 完成 | 训练集: 47 | 测试集: 21
2026-01-09 15:48:22 -    [Check] 训练集Max: 11.80 | 测试集Max: 12.88
2026-01-09 15:48:22 - 
[Step 2] 运行筛选 (CARS)...
2026-01-09 15:48:24 - ✅ 筛选结束 | 剩余特征: 7
2026-01-09 15:48:24 - 
[Step 3] 生成可视化...
2026-01-09 15:48:24 - 
[Step 4] 运行建模 (自动优化)...
2026-01-09 15:48:27 - ========================================
2026-01-09 15:48:27 - FINAL REPORT
2026-01-09 15:48:27 - ========================================
2026-01-09 15:48:27 - 1. 算法配置 (Configuration)
2026-01-09 15:48:27 -    - Feature Algo : CARS
2026-01-09 15:48:27 -    [Parameters]:
2026-01-09 15:48:27 -      * n_iter       : 200
2026-01-09 15:48:27 -      * k_fold       : 5
2026-01-09 15:48:27 -      * n_components : 7
2026-01-09 15:48:27 -    - Model Algo   : PLS
2026-01-09 15:48:27 - ----------------------------------------
2026-01-09 15:48:27 - 2. 特征筛选结果 (Feature Selection)
2026-01-09 15:48:27 -    - Count        : 7
2026-01-09 15:48:27 -    - Selected     : ['b93', 'b14', 'b58', 'b87', 'b41', 'b59', 'b32']
2026-01-09 15:48:27 - ----------------------------------------
2026-01-09 15:48:27 - 3. 建模参数 (Model Hyperparameters)
2026-01-09 15:48:27 -    - Best Params  : {'n_components': 6}
2026-01-09 15:48:27 - ----------------------------------------
2026-01-09 15:48:27 - 4. 模型性能表现 (Model Performance)
2026-01-09 15:48:27 -    [Training Set]
2026-01-09 15:48:27 -    - R2           : 0.6763
2026-01-09 15:48:27 -    - RMSE         : 1.6706
2026-01-09 15:48:27 -    - - - - - - - - - - - - - - -
2026-01-09 15:48:27 -    [Test Set] (Independent)
2026-01-09 15:48:27 -    - R2           : 0.1438
2026-01-09 15:48:27 -    - RMSE         : 2.9079
2026-01-09 15:48:27 - ========================================
