2026-01-09 15:46:03 -    读取数据: C:\_code\FS_SSC\resource\dataSet.csv
2026-01-09 15:46:03 -    已添加 'Sample_ID' 列，用于保留原始样本行号信息。
2026-01-09 15:46:03 -    正在执行基于梯度的分层抽样 (Stratified Split)...
2026-01-09 15:46:03 -    [Data Split] 完成 | 训练集: 47 | 测试集: 21
2026-01-09 15:46:03 -    [Check] 训练集Max: 11.80 | 测试集Max: 12.88
2026-01-09 15:46:03 - 
[Step 2] 运行筛选 (CARS)...
2026-01-09 15:46:04 - ✅ 筛选结束 | 剩余特征: 12
2026-01-09 15:46:04 - 
[Step 3] 生成可视化...
2026-01-09 15:46:04 - 
[Step 4] 运行建模 (自动优化)...
2026-01-09 15:46:07 - ========================================
2026-01-09 15:46:07 - FINAL REPORT
2026-01-09 15:46:07 - ========================================
2026-01-09 15:46:07 - 1. 算法配置 (Configuration)
2026-01-09 15:46:07 -    - Feature Algo : CARS
2026-01-09 15:46:07 -    [Parameters]:
2026-01-09 15:46:07 -      * n_iter       : 100
2026-01-09 15:46:07 -      * k_fold       : 5
2026-01-09 15:46:07 -      * n_components : 5
2026-01-09 15:46:07 -    - Model Algo   : PLS
2026-01-09 15:46:07 - ----------------------------------------
2026-01-09 15:46:07 - 2. 特征筛选结果 (Feature Selection)
2026-01-09 15:46:07 -    - Count        : 12
2026-01-09 15:46:07 -    - Selected     : ['b58', 'b144', 'b93', 'b161', 'b80', 'b60', 'b119', 'b99', 'b153', 'b91', 'b131', 'b147']
2026-01-09 15:46:07 - ----------------------------------------
2026-01-09 15:46:07 - 3. 建模参数 (Model Hyperparameters)
2026-01-09 15:46:07 -    - Best Params  : {'n_components': 5}
2026-01-09 15:46:07 - ----------------------------------------
2026-01-09 15:46:07 - 4. 模型性能表现 (Model Performance)
2026-01-09 15:46:07 -    [Training Set]
2026-01-09 15:46:07 -    - R2           : 0.6520
2026-01-09 15:46:07 -    - RMSE         : 1.7322
2026-01-09 15:46:07 -    - - - - - - - - - - - - - - -
2026-01-09 15:46:07 -    [Test Set] (Independent)
2026-01-09 15:46:07 -    - R2           : 0.2056
2026-01-09 15:46:07 -    - RMSE         : 2.8011
2026-01-09 15:46:07 - ========================================
