2026-01-09 15:50:36 -    读取数据: C:\_code\FS_SSC\resource\dataSet.csv
2026-01-09 15:50:36 -    已添加 'Sample_ID' 列，用于保留原始样本行号信息。
2026-01-09 15:50:36 -    正在执行基于梯度的分层抽样 (Stratified Split)...
2026-01-09 15:50:36 -    [Data Split] 完成 | 训练集: 47 | 测试集: 21
2026-01-09 15:50:36 -    [Check] 训练集Max: 11.80 | 测试集Max: 12.88
2026-01-09 15:50:36 - 
[Step 2] 运行筛选 (GWO)...
2026-01-09 15:51:03 - ✅ 筛选结束 | 剩余特征: 20
2026-01-09 15:51:03 - 
[Step 3] 生成可视化...
2026-01-09 15:51:03 - 
[Step 4] 运行建模 (自动优化)...
2026-01-09 15:51:06 - ========================================
2026-01-09 15:51:06 - FINAL REPORT
2026-01-09 15:51:06 - ========================================
2026-01-09 15:51:06 - 1. 算法配置 (Configuration)
2026-01-09 15:51:06 -    - Feature Algo : GWO
2026-01-09 15:51:06 -    [Parameters]:
2026-01-09 15:51:06 -      * epoch        : 200
2026-01-09 15:51:06 -      * pop_size     : 100
2026-01-09 15:51:06 -      * penalty      : 0.2
2026-01-09 15:51:06 -    - Model Algo   : PLS
2026-01-09 15:51:06 - ----------------------------------------
2026-01-09 15:51:06 - 2. 特征筛选结果 (Feature Selection)
2026-01-09 15:51:06 -    - Count        : 20
2026-01-09 15:51:06 -    - Selected     : ['b31', 'b33', 'b35', 'b36', 'b58', 'b59', 'b60', 'b66', 'b72', 'b78', 'b87', 'b91', 'b103', 'b104', 'b108', 'b112', 'b143', 'b144', 'b161', 'b162']
2026-01-09 15:51:06 - ----------------------------------------
2026-01-09 15:51:06 - 3. 建模参数 (Model Hyperparameters)
2026-01-09 15:51:06 -    - Best Params  : {'n_components': 9}
2026-01-09 15:51:06 - ----------------------------------------
2026-01-09 15:51:06 - 4. 模型性能表现 (Model Performance)
2026-01-09 15:51:06 -    [Training Set]
2026-01-09 15:51:06 -    - R2           : 0.8049
2026-01-09 15:51:06 -    - RMSE         : 1.2971
2026-01-09 15:51:06 -    - - - - - - - - - - - - - - -
2026-01-09 15:51:06 -    [Test Set] (Independent)
2026-01-09 15:51:06 -    - R2           : 0.2973
2026-01-09 15:51:06 -    - RMSE         : 2.6344
2026-01-09 15:51:06 - ========================================
