2026-01-09 17:21:34 -    读取数据: C:\_code\FS_SSC\resource\dataSet.csv
2026-01-09 17:21:34 -    已添加 'Sample_ID' 列，用于保留原始样本行号信息。
2026-01-09 17:21:34 -    正在执行基于梯度的分层抽样 (Stratified Split)...
2026-01-09 17:21:34 -    [Data Split] 完成 | 训练集: 47 | 测试集: 21
2026-01-09 17:21:34 -    [Check] 训练集Max: 11.80 | 测试集Max: 12.88
2026-01-09 17:21:34 - 
[Step 2] 运行筛选 (HHO)...
2026-01-09 17:22:34 - ✅ 筛选结束 | 剩余特征: 5
2026-01-09 17:22:34 - 
[Step 3] 生成可视化...
2026-01-09 17:22:35 - 
[Step 4] 运行建模 (自动优化)...
2026-01-09 17:22:38 - ========================================
2026-01-09 17:22:38 - FINAL REPORT
2026-01-09 17:22:38 - ========================================
2026-01-09 17:22:38 - 1. 算法配置 (Configuration)
2026-01-09 17:22:38 -    - Feature Algo : HHO
2026-01-09 17:22:38 -    [Parameters]:
2026-01-09 17:22:38 -      * epoch        : 250
2026-01-09 17:22:38 -      * pop_size     : 120
2026-01-09 17:22:38 -      * penalty      : 0.1
2026-01-09 17:22:38 -    - Model Algo   : PLS
2026-01-09 17:22:38 - ----------------------------------------
2026-01-09 17:22:38 - 2. 特征筛选结果 (Feature Selection)
2026-01-09 17:22:38 -    - Count        : 5
2026-01-09 17:22:38 -    - Selected     : ['b30', 'b31', 'b38', 'b60', 'b70']
2026-01-09 17:22:38 - ----------------------------------------
2026-01-09 17:22:38 - 3. 建模参数 (Model Hyperparameters)
2026-01-09 17:22:38 -    - Best Params  : {'n_components': 1}
2026-01-09 17:22:38 - ----------------------------------------
2026-01-09 17:22:38 - 4. 模型性能表现 (Model Performance)
2026-01-09 17:22:38 -    [Training Set]
2026-01-09 17:22:38 -    - R2           : 0.4428
2026-01-09 17:22:38 -    - RMSE         : 2.1920
2026-01-09 17:22:38 -    - - - - - - - - - - - - - - -
2026-01-09 17:22:38 -    [Test Set] (Independent)
2026-01-09 17:22:38 -    - R2           : 0.3233
2026-01-09 17:22:38 -    - RMSE         : 2.5853
2026-01-09 17:22:38 - ========================================
