2026-01-09 15:46:46 -    读取数据: C:\_code\FS_SSC\resource\dataSet.csv
2026-01-09 15:46:46 -    已添加 'Sample_ID' 列，用于保留原始样本行号信息。
2026-01-09 15:46:46 -    正在执行基于梯度的分层抽样 (Stratified Split)...
2026-01-09 15:46:46 -    [Data Split] 完成 | 训练集: 47 | 测试集: 21
2026-01-09 15:46:46 -    [Check] 训练集Max: 11.80 | 测试集Max: 12.88
2026-01-09 15:46:46 - 
[Step 2] 运行筛选 (CARS)...
2026-01-09 15:46:47 - ✅ 筛选结束 | 剩余特征: 2
2026-01-09 15:46:47 - 
[Step 3] 生成可视化...
2026-01-09 15:46:47 - 
[Step 4] 运行建模 (自动优化)...
2026-01-09 15:46:50 - ========================================
2026-01-09 15:46:50 - FINAL REPORT
2026-01-09 15:46:50 - ========================================
2026-01-09 15:46:50 - 1. 算法配置 (Configuration)
2026-01-09 15:46:50 -    - Feature Algo : CARS
2026-01-09 15:46:50 -    [Parameters]:
2026-01-09 15:46:50 -      * n_iter       : 100
2026-01-09 15:46:50 -      * k_fold       : 5
2026-01-09 15:46:50 -      * n_components : 4
2026-01-09 15:46:50 -    - Model Algo   : PLS
2026-01-09 15:46:50 - ----------------------------------------
2026-01-09 15:46:50 - 2. 特征筛选结果 (Feature Selection)
2026-01-09 15:46:50 -    - Count        : 2
2026-01-09 15:46:50 -    - Selected     : ['b142', 'b99']
2026-01-09 15:46:50 - ----------------------------------------
2026-01-09 15:46:50 - 3. 建模参数 (Model Hyperparameters)
2026-01-09 15:46:50 -    - Best Params  : {'n_components': 2}
2026-01-09 15:46:50 - ----------------------------------------
2026-01-09 15:46:50 - 4. 模型性能表现 (Model Performance)
2026-01-09 15:46:50 -    [Training Set]
2026-01-09 15:46:50 -    - R2           : 0.5209
2026-01-09 15:46:50 -    - RMSE         : 2.0326
2026-01-09 15:46:50 -    - - - - - - - - - - - - - - -
2026-01-09 15:46:50 -    [Test Set] (Independent)
2026-01-09 15:46:50 -    - R2           : 0.3444
2026-01-09 15:46:50 -    - RMSE         : 2.5445
2026-01-09 15:46:50 - ========================================
