2026-01-09 10:43:46 -    读取数据: C:\_code\FS_SSC\resource\dataSet.csv
2026-01-09 10:43:46 -    已添加 'Sample_ID' 列，用于保留原始样本行号信息。
2026-01-09 10:43:46 -    正在执行基于梯度的分层抽样 (Stratified Split)...
2026-01-09 10:43:46 -    [Data Split] 完成 | 训练集: 47 | 测试集: 21
2026-01-09 10:43:46 -    [Check] 训练集Max: 11.80 | 测试集Max: 12.88
2026-01-09 10:43:46 - 
[Step 2] 运行筛选 (MPA)...
2026-01-09 10:44:20 - ✅ 筛选结束 | 剩余特征: 23
2026-01-09 10:44:20 - 
[Step 3] 生成可视化...
2026-01-09 10:44:20 - 
[Step 4] 运行建模 (自动优化)...
2026-01-09 10:44:23 - ========================================
2026-01-09 10:44:23 - FINAL REPORT
2026-01-09 10:44:23 - ========================================
2026-01-09 10:44:23 - 1. 算法配置 (Configuration)
2026-01-09 10:44:23 -    - Feature Algo : MPA
2026-01-09 10:44:23 -    [Parameters]:
2026-01-09 10:44:23 -      * epoch        : 200
2026-01-09 10:44:23 -      * pop_size     : 100
2026-01-09 10:44:23 -      * penalty      : 0.2
2026-01-09 10:44:23 -    - Model Algo   : PLS
2026-01-09 10:44:23 - ----------------------------------------
2026-01-09 10:44:23 - 2. 特征筛选结果 (Feature Selection)
2026-01-09 10:44:23 -    - Count        : 23
2026-01-09 10:44:23 -    - Selected     : ['b21', 'b22', 'b23', 'b24', 'b30', 'b31', 'b32', 'b35', 'b48', 'b57', 'b58', 'b59', 'b91', 'b94', 'b98', 'b99', 'b103', 'b110', 'b117', 'b121', 'b128', 'b143', 'b149']
2026-01-09 10:44:23 - ----------------------------------------
2026-01-09 10:44:23 - 3. 建模参数 (Model Hyperparameters)
2026-01-09 10:44:23 -    - Best Params  : {'n_components': 3}
2026-01-09 10:44:23 - ----------------------------------------
2026-01-09 10:44:23 - 4. 模型性能表现 (Model Performance)
2026-01-09 10:44:23 -    [Training Set]
2026-01-09 10:44:23 -    - R2           : 0.5230
2026-01-09 10:44:23 -    - RMSE         : 2.0280
2026-01-09 10:44:23 -    - - - - - - - - - - - - - - -
2026-01-09 10:44:23 -    [Test Set] (Independent)
2026-01-09 10:44:23 -    - R2           : 0.3174
2026-01-09 10:44:23 -    - RMSE         : 2.5964
2026-01-09 10:44:23 - ========================================
