2026-01-09 18:23:24 -    读取数据: C:\_code\FS_SSC\resource\dataSet.csv
2026-01-09 18:23:24 -    已添加 'Sample_ID' 列，用于保留原始样本行号信息。
2026-01-09 18:23:24 -    正在执行基于梯度的分层抽样 (Stratified Split)...
2026-01-09 18:23:24 -    [Data Split] 完成 | 训练集: 47 | 测试集: 21
2026-01-09 18:23:24 -    [Check] 训练集Max: 11.80 | 测试集Max: 12.88
2026-01-09 18:23:24 - 
[Step 2] 运行筛选 (CARS)...
2026-01-09 18:23:26 - ✅ 筛选结束 | 剩余特征: 7
2026-01-09 18:23:26 - 
[Step 3] 生成可视化...
2026-01-09 18:23:26 - 
[Step 4] 运行建模 (自动优化)...
2026-01-09 18:23:29 - ========================================
2026-01-09 18:23:29 - FINAL REPORT
2026-01-09 18:23:29 - ========================================
2026-01-09 18:23:29 - 1. 算法配置 (Configuration)
2026-01-09 18:23:29 -    - Feature Algo : CARS
2026-01-09 18:23:29 -    [Parameters]:
2026-01-09 18:23:29 -      * n_iter       : 200
2026-01-09 18:23:29 -      * k_fold       : 5
2026-01-09 18:23:29 -      * n_components : 5
2026-01-09 18:23:29 -    - Model Algo   : PLS
2026-01-09 18:23:29 - ----------------------------------------
2026-01-09 18:23:29 - 2. 特征筛选结果 (Feature Selection)
2026-01-09 18:23:29 -    - Count        : 7
2026-01-09 18:23:29 -    - Selected     : ['b61', 'b59', 'b149', 'b144', 'b93', 'b33', 'b99']
2026-01-09 18:23:29 - ----------------------------------------
2026-01-09 18:23:29 - 3. 建模参数 (Model Hyperparameters)
2026-01-09 18:23:29 -    - Best Params  : {'n_components': 5}
2026-01-09 18:23:29 - ----------------------------------------
2026-01-09 18:23:29 - 4. 模型性能表现 (Model Performance)
2026-01-09 18:23:29 -    [Training Set]
2026-01-09 18:23:29 -    - R2           : 0.6513
2026-01-09 18:23:29 -    - RMSE         : 1.7341
2026-01-09 18:23:29 -    - - - - - - - - - - - - - - -
2026-01-09 18:23:29 -    [Test Set] (Independent)
2026-01-09 18:23:29 -    - R2           : 0.2097
2026-01-09 18:23:29 -    - RMSE         : 2.7938
2026-01-09 18:23:29 - ========================================
