2026-01-09 15:45:39 -    读取数据: C:\_code\FS_SSC\resource\dataSet.csv
2026-01-09 15:45:39 -    已添加 'Sample_ID' 列，用于保留原始样本行号信息。
2026-01-09 15:45:39 -    正在执行基于梯度的分层抽样 (Stratified Split)...
2026-01-09 15:45:39 -    [Data Split] 完成 | 训练集: 47 | 测试集: 21
2026-01-09 15:45:39 -    [Check] 训练集Max: 11.80 | 测试集Max: 12.88
2026-01-09 15:45:39 - 
[Step 2] 运行筛选 (CARS)...
2026-01-09 15:45:39 - ✅ 筛选结束 | 剩余特征: 3
2026-01-09 15:45:39 - 
[Step 3] 生成可视化...
2026-01-09 15:45:40 - 
[Step 4] 运行建模 (自动优化)...
2026-01-09 15:45:43 - ========================================
2026-01-09 15:45:43 - FINAL REPORT
2026-01-09 15:45:43 - ========================================
2026-01-09 15:45:43 - 1. 算法配置 (Configuration)
2026-01-09 15:45:43 -    - Feature Algo : CARS
2026-01-09 15:45:43 -    [Parameters]:
2026-01-09 15:45:43 -      * n_iter       : 50
2026-01-09 15:45:43 -      * k_fold       : 5
2026-01-09 15:45:43 -      * n_components : 5
2026-01-09 15:45:43 -    - Model Algo   : PLS
2026-01-09 15:45:43 - ----------------------------------------
2026-01-09 15:45:43 - 2. 特征筛选结果 (Feature Selection)
2026-01-09 15:45:43 -    - Count        : 3
2026-01-09 15:45:43 -    - Selected     : ['b94', 'b59', 'b143']
2026-01-09 15:45:43 - ----------------------------------------
2026-01-09 15:45:43 - 3. 建模参数 (Model Hyperparameters)
2026-01-09 15:45:43 -    - Best Params  : {'n_components': 3}
2026-01-09 15:45:43 - ----------------------------------------
2026-01-09 15:45:43 - 4. 模型性能表现 (Model Performance)
2026-01-09 15:45:43 -    [Training Set]
2026-01-09 15:45:43 -    - R2           : 0.5592
2026-01-09 15:45:43 -    - RMSE         : 1.9496
2026-01-09 15:45:43 -    - - - - - - - - - - - - - - -
2026-01-09 15:45:43 -    [Test Set] (Independent)
2026-01-09 15:45:43 -    - R2           : 0.2023
2026-01-09 15:45:43 -    - RMSE         : 2.8067
2026-01-09 15:45:43 - ========================================
