10:53:37 - 🚀 任务启动: HHO_RF_20260119_105337
10:53:37 -    [Processor] 读取原始数据: dataSet.csv
10:53:37 -    [Processor] 执行分层抽样 (Test Size: 0.3)...
10:53:37 -    [Box-Cox] 未启用，保留原始数据。
10:53:37 -    ✅ 数据预处理完成. Train: 47, Test: 21
10:53:37 - 
[Step 2] 运行特征处理 (HHO)...
10:53:37 -    >>> 模式: 特征筛选 (Feature Selection)
10:54:16 - ✅ 特征处理结束 | 最终特征数: 6
10:54:16 - 
[Step 3] 可视化检查...
10:54:17 - 
[Step 4] 运行建模 (RF)...
10:54:48 - ========================================
10:54:48 - FINAL REPORT
10:54:48 - ========================================
10:54:48 -    [Train] R2=0.7911, RMSE=1.3421
10:54:48 -    [Test ] R2=0.2191, RMSE=2.7772
10:54:48 - ========================================
10:54:48 - Run Completed.
