2026-01-09 17:23:20 -    读取数据: C:\_code\FS_SSC\resource\dataSet.csv
2026-01-09 17:23:20 -    已添加 'Sample_ID' 列，用于保留原始样本行号信息。
2026-01-09 17:23:20 -    正在执行基于梯度的分层抽样 (Stratified Split)...
2026-01-09 17:23:20 -    [Data Split] 完成 | 训练集: 47 | 测试集: 21
2026-01-09 17:23:20 -    [Check] 训练集Max: 11.80 | 测试集Max: 12.88
2026-01-09 17:23:20 - 
[Step 2] 运行筛选 (HHO)...
2026-01-09 17:23:53 - ✅ 筛选结束 | 剩余特征: 1
2026-01-09 17:23:53 - 
[Step 3] 生成可视化...
2026-01-09 17:23:54 - 
[Step 4] 运行建模 (自动优化)...
2026-01-09 17:23:56 - ========================================
2026-01-09 17:23:56 - FINAL REPORT
2026-01-09 17:23:56 - ========================================
2026-01-09 17:23:56 - 1. 算法配置 (Configuration)
2026-01-09 17:23:56 -    - Feature Algo : HHO
2026-01-09 17:23:56 -    [Parameters]:
2026-01-09 17:23:56 -      * epoch        : 200
2026-01-09 17:23:56 -      * pop_size     : 120
2026-01-09 17:23:56 -      * penalty      : 0.1
2026-01-09 17:23:56 -    - Model Algo   : PLS
2026-01-09 17:23:56 - ----------------------------------------
2026-01-09 17:23:56 - 2. 特征筛选结果 (Feature Selection)
2026-01-09 17:23:56 -    - Count        : 1
2026-01-09 17:23:56 -    - Selected     : ['b91']
2026-01-09 17:23:56 - ----------------------------------------
2026-01-09 17:23:56 - 3. 建模参数 (Model Hyperparameters)
2026-01-09 17:23:56 -    - Best Params  : {'n_components': 1}
2026-01-09 17:23:56 - ----------------------------------------
2026-01-09 17:23:56 - 4. 模型性能表现 (Model Performance)
2026-01-09 17:23:56 -    [Training Set]
2026-01-09 17:23:56 -    - R2           : 0.4196
2026-01-09 17:23:56 -    - RMSE         : 2.2373
2026-01-09 17:23:56 -    - - - - - - - - - - - - - - -
2026-01-09 17:23:56 -    [Test Set] (Independent)
2026-01-09 17:23:56 -    - R2           : 0.2887
2026-01-09 17:23:56 -    - RMSE         : 2.6504
2026-01-09 17:23:56 - ========================================
