2026-01-09 15:46:54 -    读取数据: C:\_code\FS_SSC\resource\dataSet.csv
2026-01-09 15:46:55 -    已添加 'Sample_ID' 列，用于保留原始样本行号信息。
2026-01-09 15:46:55 -    正在执行基于梯度的分层抽样 (Stratified Split)...
2026-01-09 15:46:55 -    [Data Split] 完成 | 训练集: 47 | 测试集: 21
2026-01-09 15:46:55 -    [Check] 训练集Max: 11.80 | 测试集Max: 12.88
2026-01-09 15:46:55 - 
[Step 2] 运行筛选 (CARS)...
2026-01-09 15:46:56 - ✅ 筛选结束 | 剩余特征: 5
2026-01-09 15:46:56 - 
[Step 3] 生成可视化...
2026-01-09 15:46:56 - 
[Step 4] 运行建模 (自动优化)...
2026-01-09 15:46:59 - ========================================
2026-01-09 15:46:59 - FINAL REPORT
2026-01-09 15:46:59 - ========================================
2026-01-09 15:46:59 - 1. 算法配置 (Configuration)
2026-01-09 15:46:59 -    - Feature Algo : CARS
2026-01-09 15:46:59 -    [Parameters]:
2026-01-09 15:46:59 -      * n_iter       : 200
2026-01-09 15:46:59 -      * k_fold       : 5
2026-01-09 15:46:59 -      * n_components : 4
2026-01-09 15:46:59 -    - Model Algo   : PLS
2026-01-09 15:46:59 - ----------------------------------------
2026-01-09 15:46:59 - 2. 特征筛选结果 (Feature Selection)
2026-01-09 15:46:59 -    - Count        : 5
2026-01-09 15:46:59 -    - Selected     : ['b92', 'b94', 'b81', 'b161', 'b142']
2026-01-09 15:46:59 - ----------------------------------------
2026-01-09 15:46:59 - 3. 建模参数 (Model Hyperparameters)
2026-01-09 15:46:59 -    - Best Params  : {'n_components': 4}
2026-01-09 15:46:59 - ----------------------------------------
2026-01-09 15:46:59 - 4. 模型性能表现 (Model Performance)
2026-01-09 15:46:59 -    [Training Set]
2026-01-09 15:46:59 -    - R2           : 0.5421
2026-01-09 15:46:59 -    - RMSE         : 1.9872
2026-01-09 15:46:59 -    - - - - - - - - - - - - - - -
2026-01-09 15:46:59 -    [Test Set] (Independent)
2026-01-09 15:46:59 -    - R2           : 0.2308
2026-01-09 15:46:59 -    - RMSE         : 2.7562
2026-01-09 15:46:59 - ========================================
