10:51:57 - 🚀 任务启动: HHO_RF_20260119_105157
10:51:57 -    [Processor] 读取原始数据: dataSet.csv
10:51:57 -    [Processor] 执行分层抽样 (Test Size: 0.3)...
10:51:57 -    [Box-Cox] 未启用，保留原始数据。
10:51:57 -    ✅ 数据预处理完成. Train: 47, Test: 21
10:51:57 - 
[Step 2] 运行特征处理 (HHO)...
10:51:57 -    >>> 模式: 特征筛选 (Feature Selection)
10:52:43 - ✅ 特征处理结束 | 最终特征数: 2
10:52:43 - 
[Step 3] 可视化检查...
10:52:43 - 
[Step 4] 运行建模 (RF)...
10:53:14 - ========================================
10:53:14 - FINAL REPORT
10:53:14 - ========================================
10:53:14 -    [Train] R2=0.8201, RMSE=1.2456
10:53:14 -    [Test ] R2=0.4371, RMSE=2.3578
10:53:14 - ========================================
10:53:14 - Run Completed.
