2026-01-09 18:22:43 -    读取数据: C:\_code\FS_SSC\resource\dataSet.csv
2026-01-09 18:22:43 -    已添加 'Sample_ID' 列，用于保留原始样本行号信息。
2026-01-09 18:22:43 -    正在执行基于梯度的分层抽样 (Stratified Split)...
2026-01-09 18:22:43 -    [Data Split] 完成 | 训练集: 47 | 测试集: 21
2026-01-09 18:22:43 -    [Check] 训练集Max: 11.80 | 测试集Max: 12.88
2026-01-09 18:22:43 - 
[Step 2] 运行筛选 (CARS)...
2026-01-09 18:22:44 - ✅ 筛选结束 | 剩余特征: 3
2026-01-09 18:22:44 - 
[Step 3] 生成可视化...
2026-01-09 18:22:45 - 
[Step 4] 运行建模 (自动优化)...
2026-01-09 18:22:47 - ========================================
2026-01-09 18:22:47 - FINAL REPORT
2026-01-09 18:22:47 - ========================================
2026-01-09 18:22:47 - 1. 算法配置 (Configuration)
2026-01-09 18:22:47 -    - Feature Algo : CARS
2026-01-09 18:22:47 -    [Parameters]:
2026-01-09 18:22:47 -      * n_iter       : 200
2026-01-09 18:22:47 -      * k_fold       : 5
2026-01-09 18:22:47 -      * n_components : 5
2026-01-09 18:22:47 -    - Model Algo   : PLS
2026-01-09 18:22:47 - ----------------------------------------
2026-01-09 18:22:47 - 2. 特征筛选结果 (Feature Selection)
2026-01-09 18:22:47 -    - Count        : 3
2026-01-09 18:22:47 -    - Selected     : ['b99', 'b60', 'b135']
2026-01-09 18:22:47 - ----------------------------------------
2026-01-09 18:22:47 - 3. 建模参数 (Model Hyperparameters)
2026-01-09 18:22:47 -    - Best Params  : {'n_components': 3}
2026-01-09 18:22:47 - ----------------------------------------
2026-01-09 18:22:47 - 4. 模型性能表现 (Model Performance)
2026-01-09 18:22:47 -    [Training Set]
2026-01-09 18:22:47 -    - R2           : 0.5317
2026-01-09 18:22:47 -    - RMSE         : 2.0094
2026-01-09 18:22:47 -    - - - - - - - - - - - - - - -
2026-01-09 18:22:47 -    [Test Set] (Independent)
2026-01-09 18:22:47 -    - R2           : 0.3825
2026-01-09 18:22:47 -    - RMSE         : 2.4696
2026-01-09 18:22:47 - ========================================
