2026-01-09 18:23:13 -    读取数据: C:\_code\FS_SSC\resource\dataSet.csv
2026-01-09 18:23:13 -    已添加 'Sample_ID' 列，用于保留原始样本行号信息。
2026-01-09 18:23:13 -    正在执行基于梯度的分层抽样 (Stratified Split)...
2026-01-09 18:23:13 -    [Data Split] 完成 | 训练集: 47 | 测试集: 21
2026-01-09 18:23:13 -    [Check] 训练集Max: 11.80 | 测试集Max: 12.88
2026-01-09 18:23:13 - 
[Step 2] 运行筛选 (CARS)...
2026-01-09 18:23:14 - ✅ 筛选结束 | 剩余特征: 2
2026-01-09 18:23:14 - 
[Step 3] 生成可视化...
2026-01-09 18:23:15 - 
[Step 4] 运行建模 (自动优化)...
2026-01-09 18:23:18 - ========================================
2026-01-09 18:23:18 - FINAL REPORT
2026-01-09 18:23:18 - ========================================
2026-01-09 18:23:18 - 1. 算法配置 (Configuration)
2026-01-09 18:23:18 -    - Feature Algo : CARS
2026-01-09 18:23:18 -    [Parameters]:
2026-01-09 18:23:18 -      * n_iter       : 200
2026-01-09 18:23:18 -      * k_fold       : 5
2026-01-09 18:23:18 -      * n_components : 5
2026-01-09 18:23:18 -    - Model Algo   : PLS
2026-01-09 18:23:18 - ----------------------------------------
2026-01-09 18:23:18 - 2. 特征筛选结果 (Feature Selection)
2026-01-09 18:23:18 -    - Count        : 2
2026-01-09 18:23:18 -    - Selected     : ['b29', 'b15']
2026-01-09 18:23:18 - ----------------------------------------
2026-01-09 18:23:18 - 3. 建模参数 (Model Hyperparameters)
2026-01-09 18:23:18 -    - Best Params  : {'n_components': 2}
2026-01-09 18:23:18 - ----------------------------------------
2026-01-09 18:23:18 - 4. 模型性能表现 (Model Performance)
2026-01-09 18:23:18 -    [Training Set]
2026-01-09 18:23:18 -    - R2           : 0.5425
2026-01-09 18:23:18 -    - RMSE         : 1.9863
2026-01-09 18:23:18 -    - - - - - - - - - - - - - - -
2026-01-09 18:23:18 -    [Test Set] (Independent)
2026-01-09 18:23:18 -    - R2           : 0.3839
2026-01-09 18:23:18 -    - RMSE         : 2.4668
2026-01-09 18:23:18 - ========================================
