00:29:25 - 🚀 任务启动: HHO_PLS_20260110_002925
00:29:25 -    [Processor] 读取原始数据: dataSet.csv
00:29:25 -    [Processor] 执行分层抽样 (Test Size: 0.3)...
00:29:25 -    🚀 [Box-Cox] 正在执行 Box-Cox 变换...
00:29:25 -    📝 Lambda (0.0443) 已保存至: lambda_value.txt
00:29:25 -    ✅ 数据预处理完成. Train: 47, Test: 21
00:29:25 - 
[Step 2] 运行特征处理 (HHO)...
00:29:25 -    >>> 模式: 特征筛选 (Feature Selection)
00:29:54 - ✅ 特征处理结束 | 最终特征数: 1
00:29:54 - 
[Step 3] 可视化检查...
00:29:55 - 
[Step 4] 运行建模 (PLS)...
00:29:57 - ========================================
00:29:57 - FINAL REPORT
00:29:57 - ========================================
00:29:57 -    [Train] R2=0.2346, RMSE=2.5691
00:29:57 -    [Test ] R2=0.1715, RMSE=2.8605
00:29:57 - ========================================
00:29:57 - Run Completed.
