10:43:32 - 🚀 任务启动: HHO_RF_20260119_104332
10:43:32 -    [Processor] 读取原始数据: dataSet.csv
10:43:32 -    [Processor] 执行分层抽样 (Test Size: 0.3)...
10:43:32 -    [Box-Cox] 未启用，保留原始数据。
10:43:32 -    ✅ 数据预处理完成. Train: 47, Test: 21
10:43:32 - 
[Step 2] 运行特征处理 (HHO)...
10:43:32 -    >>> 模式: 特征筛选 (Feature Selection)
10:44:29 - ✅ 特征处理结束 | 最终特征数: 4
10:44:29 - 
[Step 3] 可视化检查...
10:44:29 - 
[Step 4] 运行建模 (RF)...
10:45:46 - ========================================
10:45:46 - FINAL REPORT
10:45:46 - ========================================
10:45:46 -    [Train] R2=0.8932, RMSE=0.9597
10:45:46 -    [Test ] R2=0.2787, RMSE=2.6690
10:45:46 - ========================================
10:45:46 - Run Completed.
