00:28:21 - 🚀 任务启动: HHO_PLS_20260110_002821
00:28:21 -    [Processor] 读取原始数据: dataSet.csv
00:28:21 -    [Processor] 执行分层抽样 (Test Size: 0.3)...
00:28:21 -    🚀 [Box-Cox] 正在执行 Box-Cox 变换...
00:28:21 -    📝 Lambda (0.0443) 已保存至: lambda_value.txt
00:28:21 -    ✅ 数据预处理完成. Train: 47, Test: 21
00:28:21 - 
[Step 2] 运行特征处理 (HHO)...
00:28:21 -    >>> 模式: 特征筛选 (Feature Selection)
00:29:08 - ✅ 特征处理结束 | 最终特征数: 13
00:29:08 - 
[Step 3] 可视化检查...
00:29:09 - 
[Step 4] 运行建模 (PLS)...
00:29:12 - ========================================
00:29:12 - FINAL REPORT
00:29:12 - ========================================
00:29:12 -    [Train] R2=0.3872, RMSE=2.2988
00:29:12 -    [Test ] R2=0.1354, RMSE=2.9222
00:29:12 - ========================================
00:29:12 - Run Completed.
