10:37:39 - 🚀 任务启动: HHO_RF_20260119_103739
10:37:39 -    [Processor] 读取原始数据: dataSet.csv
10:37:39 -    [Processor] 执行分层抽样 (Test Size: 0.3)...
10:37:39 -    [Box-Cox] 未启用，保留原始数据。
10:37:39 -    ✅ 数据预处理完成. Train: 47, Test: 21
10:37:39 - 
[Step 2] 运行特征处理 (HHO)...
10:37:39 -    >>> 模式: 特征筛选 (Feature Selection)
10:38:31 - ✅ 特征处理结束 | 最终特征数: 4
10:38:31 - 
[Step 3] 可视化检查...
10:38:31 - 
[Step 4] 运行建模 (RF)...
10:39:10 - ========================================
10:39:10 - FINAL REPORT
10:39:10 - ========================================
10:39:10 -    [Train] R2=0.7778, RMSE=1.3843
10:39:10 -    [Test ] R2=0.3657, RMSE=2.5030
10:39:10 - ========================================
10:39:10 - Run Completed.
