2026-01-07 15:28:14 - [Step 0] 数据划分完成 (7:3)
2026-01-07 15:28:14 - 
[Step 1] 运行筛选...
2026-01-07 15:28:27 - ✅ 筛选结束 | 剩余特征: 51
2026-01-07 15:28:27 - 
[Step 2] 生成可视化...
2026-01-07 15:28:28 - 
[Step 3] 运行建模 (自动优化)...
2026-01-07 15:28:31 - 1. 算法配置 (Configuration)
2026-01-07 15:28:31 -    - Feature Algo : GA
2026-01-07 15:28:31 -    - Model Algo   : PLS
2026-01-07 15:28:31 - ----------------------------------------
2026-01-07 15:28:31 - 2. 特征筛选结果 (Feature Selection)
2026-01-07 15:28:31 -    - Count        : 51
2026-01-07 15:28:31 -    - Selected     : ['b15', 'b17', 'b19', 'b22', 'b24', 'b26', 'b27', 'b35', 'b48', 'b49', 'b53', 'b55', 'b56', 'b58', 'b59', 'b60', 'b61', 'b64', 'b66', 'b68', 'b74', 'b75', 'b80', 'b81', 'b84', 'b88', 'b90', 'b91', 'b96', 'b102', 'b103', 'b107', 'b109', 'b111', 'b112', 'b116', 'b125', 'b131', 'b132', 'b137', 'b138', 'b142', 'b144', 'b146', 'b152', 'b155', 'b156', 'b158', 'b160', 'b161', 'b163']
2026-01-07 15:28:31 - ----------------------------------------
2026-01-07 15:28:31 - 3. 模型优化参数 (Hyperparameters)
2026-01-07 15:28:31 -    - Best Params  : {'n_components': 9}
2026-01-07 15:28:31 - ----------------------------------------
2026-01-07 15:28:31 - 4. 模型性能表现 (Model Performance)
2026-01-07 15:28:31 -    [Training Set]
2026-01-07 15:28:31 -    - R2           : 0.90
2026-01-07 15:28:31 -    - RMSE         : 0.96
2026-01-07 15:28:31 -    - - - - - - - - - - - - - - -
2026-01-07 15:28:31 -    [Test Set] (Independent)
2026-01-07 15:28:31 -    - R2           : -0.28
2026-01-07 15:28:31 -    - RMSE         : 3.36
2026-01-07 15:28:31 - ========================================
2026-01-07 15:28:31 - 🎉 结束 | 结果保存在: log\GA_PLS_20260107_152814
