10:19:25 - 🚀 任务启动: CARS_PLS_20260119_101925
10:19:25 -    [Processor] 读取原始数据: dataSet.csv
10:19:25 -    [Processor] 执行分层抽样 (Test Size: 0.3)...
10:19:25 -    [Box-Cox] 未启用，保留原始数据。
10:19:25 -    ✅ 数据预处理完成. Train: 47, Test: 21
10:19:25 - 
[Step 2] 运行特征处理 (CARS)...
10:19:25 -    >>> 模式: 特征筛选 (Feature Selection)
10:19:27 - ✅ 特征处理结束 | 最终特征数: 6
10:19:27 - 
[Step 3] 可视化检查...
10:19:27 - 
[Step 4] 运行建模 (PLS)...
10:19:30 - ========================================
10:19:30 - FINAL REPORT
10:19:30 - ========================================
10:19:30 -    [Train] R2=0.5653, RMSE=1.9361
10:19:30 -    [Test ] R2=0.2615, RMSE=2.7007
10:19:30 - ========================================
10:19:30 - Run Completed.
