2026-03-03 17:45:51 - INFO - Task started: 20260303_174551_HHO_RF
2026-03-03 17:45:51 - INFO - Available algorithms: ['CARS', 'GA', 'GWO', 'HHO', 'MPA', 'PCA', 'SPA']
2026-03-03 17:45:51 - INFO - Available models: ['PLS', 'RF', 'SVM']
2026-03-03 17:45:51 - INFO - [Step 1] Data preprocessing...
2026-03-03 17:45:51 - INFO -    [Processor] 读取原始数据: dataSet.csv
2026-03-03 17:45:51 - INFO -    [Processor] 执行分层抽样 (Test Size: 0.3)...
2026-03-03 17:45:51 - INFO -    ✅ 数据预处理完成. Train: 47, Test: 21
2026-03-03 17:45:51 - INFO - Configuration exported to config.json
2026-03-03 17:45:51 - INFO - [Step 2] Feature processing (HHO)...
2026-03-03 17:45:51 - INFO -    Mode: Feature Selection
2026-03-03 17:45:51 - INFO - Loading data from: log\20260303_174551_HHO_RF\data\train.csv
2026-03-03 17:45:51 - INFO - Parameters: Epoch=200, Pop=250, Penalty=0.2
2026-03-03 17:45:51 - INFO - Starting optimization...
2026-03-03 17:47:22 - INFO - Best fitness: 0.44113112992627806
2026-03-03 17:47:22 - INFO - Selected features: 4
2026-03-03 17:47:22 - INFO - Results saved to: log\20260303_174551_HHO_RF\data\selected_features_HHO.csv
2026-03-03 17:47:22 - INFO - Feature processing done | Features: 4 | Time: 90.50s
2026-03-03 17:47:22 - INFO - [Step 3] Visualization...
2026-03-03 17:47:22 - INFO - [Step 4] Modeling (RF)...
2026-03-03 17:47:22 - INFO - Starting modeling pipeline...
2026-03-03 17:47:22 - INFO - Features: 4
2026-03-03 17:47:22 - INFO - Running RF (Optuna, 200 trials)...
2026-03-03 17:47:50 - INFO - Best RMSE: 1.6824
2026-03-03 17:47:50 - INFO - Best params: {'n_estimators': 52, 'max_depth': 3, 'min_samples_split': 2, 'min_samples_leaf': 1, 'max_features': 0.3}
2026-03-03 17:47:50 - INFO - Results -> Train R2: 0.8266 | Test R2: 0.3301 | Test RMSE: 2.5722
2026-03-03 17:47:50 - INFO - Summary exported to summary.json
2026-03-03 17:47:50 - INFO - ========================================
2026-03-03 17:47:50 - INFO - FINAL REPORT
2026-03-03 17:47:50 - INFO - ========================================
2026-03-03 17:47:50 - INFO -    [Train] R2=0.8266, RMSE=1.2227
2026-03-03 17:47:50 - INFO -    [Test ] R2=0.3301, RMSE=2.5722
2026-03-03 17:47:50 - INFO -    [Time ] Selection: 90.50s, Modeling: 28.18s
2026-03-03 17:47:50 - INFO - ========================================
2026-03-03 17:47:50 - INFO - Run Completed.
