2026-01-09 15:49:30 -    读取数据: C:\_code\FS_SSC\resource\dataSet.csv
2026-01-09 15:49:30 -    已添加 'Sample_ID' 列，用于保留原始样本行号信息。
2026-01-09 15:49:30 -    正在执行基于梯度的分层抽样 (Stratified Split)...
2026-01-09 15:49:30 -    [Data Split] 完成 | 训练集: 47 | 测试集: 21
2026-01-09 15:49:30 -    [Check] 训练集Max: 11.80 | 测试集Max: 12.88
2026-01-09 15:49:30 - 
[Step 2] 运行筛选 (GWO)...
2026-01-09 15:49:56 - ✅ 筛选结束 | 剩余特征: 13
2026-01-09 15:49:56 - 
[Step 3] 生成可视化...
2026-01-09 15:49:57 - 
[Step 4] 运行建模 (自动优化)...
2026-01-09 15:50:00 - ========================================
2026-01-09 15:50:00 - FINAL REPORT
2026-01-09 15:50:00 - ========================================
2026-01-09 15:50:00 - 1. 算法配置 (Configuration)
2026-01-09 15:50:00 -    - Feature Algo : GWO
2026-01-09 15:50:00 -    [Parameters]:
2026-01-09 15:50:00 -      * epoch        : 200
2026-01-09 15:50:00 -      * pop_size     : 100
2026-01-09 15:50:00 -      * penalty      : 0.2
2026-01-09 15:50:00 -    - Model Algo   : PLS
2026-01-09 15:50:00 - ----------------------------------------
2026-01-09 15:50:00 - 2. 特征筛选结果 (Feature Selection)
2026-01-09 15:50:00 -    - Count        : 13
2026-01-09 15:50:00 -    - Selected     : ['b66', 'b87', 'b91', 'b94', 'b102', 'b103', 'b114', 'b124', 'b131', 'b142', 'b145', 'b150', 'b152']
2026-01-09 15:50:00 - ----------------------------------------
2026-01-09 15:50:00 - 3. 建模参数 (Model Hyperparameters)
2026-01-09 15:50:00 -    - Best Params  : {'n_components': 2}
2026-01-09 15:50:00 - ----------------------------------------
2026-01-09 15:50:00 - 4. 模型性能表现 (Model Performance)
2026-01-09 15:50:00 -    [Training Set]
2026-01-09 15:50:00 -    - R2           : 0.4852
2026-01-09 15:50:00 -    - RMSE         : 2.1070
2026-01-09 15:50:00 -    - - - - - - - - - - - - - - -
2026-01-09 15:50:00 -    [Test Set] (Independent)
2026-01-09 15:50:00 -    - R2           : 0.3201
2026-01-09 15:50:00 -    - RMSE         : 2.5912
2026-01-09 15:50:00 - ========================================
