2026-01-09 15:47:07 -    读取数据: C:\_code\FS_SSC\resource\dataSet.csv
2026-01-09 15:47:07 -    已添加 'Sample_ID' 列，用于保留原始样本行号信息。
2026-01-09 15:47:07 -    正在执行基于梯度的分层抽样 (Stratified Split)...
2026-01-09 15:47:07 -    [Data Split] 完成 | 训练集: 47 | 测试集: 21
2026-01-09 15:47:07 -    [Check] 训练集Max: 11.80 | 测试集Max: 12.88
2026-01-09 15:47:07 - 
[Step 2] 运行筛选 (CARS)...
2026-01-09 15:47:08 - ✅ 筛选结束 | 剩余特征: 3
2026-01-09 15:47:08 - 
[Step 3] 生成可视化...
2026-01-09 15:47:09 - 
[Step 4] 运行建模 (自动优化)...
2026-01-09 15:47:12 - ========================================
2026-01-09 15:47:12 - FINAL REPORT
2026-01-09 15:47:12 - ========================================
2026-01-09 15:47:12 - 1. 算法配置 (Configuration)
2026-01-09 15:47:12 -    - Feature Algo : CARS
2026-01-09 15:47:12 -    [Parameters]:
2026-01-09 15:47:12 -      * n_iter       : 200
2026-01-09 15:47:12 -      * k_fold       : 5
2026-01-09 15:47:12 -      * n_components : 3
2026-01-09 15:47:12 -    - Model Algo   : PLS
2026-01-09 15:47:12 - ----------------------------------------
2026-01-09 15:47:12 - 2. 特征筛选结果 (Feature Selection)
2026-01-09 15:47:12 -    - Count        : 3
2026-01-09 15:47:12 -    - Selected     : ['b143', 'b92', 'b14']
2026-01-09 15:47:12 - ----------------------------------------
2026-01-09 15:47:12 - 3. 建模参数 (Model Hyperparameters)
2026-01-09 15:47:12 -    - Best Params  : {'n_components': 3}
2026-01-09 15:47:12 - ----------------------------------------
2026-01-09 15:47:12 - 4. 模型性能表现 (Model Performance)
2026-01-09 15:47:12 -    [Training Set]
2026-01-09 15:47:12 -    - R2           : 0.5498
2026-01-09 15:47:12 -    - RMSE         : 1.9702
2026-01-09 15:47:12 -    - - - - - - - - - - - - - - -
2026-01-09 15:47:12 -    [Test Set] (Independent)
2026-01-09 15:47:12 -    - R2           : 0.3123
2026-01-09 15:47:12 -    - RMSE         : 2.6061
2026-01-09 15:47:12 - ========================================
