00:12:13 - 🚀 任务启动: HHO_PLS_20260110_001213
00:12:13 -    [Processor] 读取原始数据: dataSet.csv
00:12:13 -    [Processor] 未发现 Sample_ID，自动生成...
00:12:13 -    [Processor] 执行分层抽样 (Test Size: 0.3)...
00:12:13 -    🚀 [Box-Cox] 正在执行 Box-Cox 变换...
00:12:13 -    📝 Lambda (0.0443) 已保存至: lambda_value.txt
00:12:13 -    ✅ 数据预处理完成. Train: 47, Test: 21
00:12:13 -    📂 文件已保存至: log\HHO_PLS_20260110_001213
00:12:13 - 
[Step 2] 运行特征处理 (HHO)...
00:12:13 -    >>> 模式: 特征筛选 (Feature Selection)
00:13:00 - ✅ 特征处理结束 | 最终特征数: 13
00:13:00 - 
[Step 3] 可视化检查...
00:13:01 - 
[Step 4] 运行建模 (PLS)...
00:13:04 - ========================================
00:13:04 - FINAL REPORT
00:13:04 - ========================================
00:13:04 -    [Train] R2=0.5630, RMSE=1.9411
00:13:04 -    [Test ] R2=-0.0152, RMSE=3.1664
00:13:04 - ========================================
00:13:04 - Run Completed.
