2026-01-07 15:39:48 - [Step 0] 数据划分完成 (7:3)
2026-01-07 15:39:48 - 
[Step 1] 运行筛选...
2026-01-07 15:40:07 - ✅ 筛选结束 | 剩余特征: 16
2026-01-07 15:40:07 - 
[Step 2] 生成可视化...
2026-01-07 15:40:07 - 
[Step 3] 运行建模 (自动优化)...
2026-01-07 15:40:10 - 1. 算法配置 (Configuration)
2026-01-07 15:40:10 -    - Feature Algo : MPA
2026-01-07 15:40:10 -    - Model Algo   : PLS
2026-01-07 15:40:10 - ----------------------------------------
2026-01-07 15:40:10 - 2. 特征筛选结果 (Feature Selection)
2026-01-07 15:40:10 -    - Count        : 16
2026-01-07 15:40:10 -    - Selected     : ['b14', 'b59', 'b85', 'b90', 'b91', 'b93', 'b103', 'b118', 'b121', 'b129', 'b136', 'b145', 'b152', 'b155', 'b161', 'b163']
2026-01-07 15:40:10 - ----------------------------------------
2026-01-07 15:40:10 - 3. 模型优化参数 (Hyperparameters)
2026-01-07 15:40:10 -    - Best Params  : {'n_components': 5}
2026-01-07 15:40:10 - ----------------------------------------
2026-01-07 15:40:10 - 4. 模型性能表现 (Model Performance)
2026-01-07 15:40:10 -    [Training Set]
2026-01-07 15:40:10 -    - R2           : 0.74
2026-01-07 15:40:10 -    - RMSE         : 1.53
2026-01-07 15:40:10 -    - - - - - - - - - - - - - - -
2026-01-07 15:40:10 -    [Test Set] (Independent)
2026-01-07 15:40:10 -    - R2           : -0.37
2026-01-07 15:40:10 -    - RMSE         : 3.47
2026-01-07 15:40:10 - ========================================
2026-01-07 15:40:10 - 🎉 结束 | 结果保存在: log\MPA_PLS_20260107_153948
