2026-01-07 16:44:10 -    读取数据: C:\_code\FS_SSC\resource\dataSet.csv
2026-01-07 16:44:10 -    已添加 'Sample_ID' 列，用于保留原始样本行号信息。
2026-01-07 16:44:10 -    正在执行基于梯度的分层抽样 (Stratified Split)...
2026-01-07 16:44:10 -    [Data Split] 完成 | 训练集: 47 | 测试集: 21
2026-01-07 16:44:10 -    [Check] 训练集Max: 11.80 | 测试集Max: 12.88
2026-01-07 16:44:10 - 
[Step 2] 运行筛选 (MPA)...
2026-01-07 16:44:39 - ✅ 筛选结束 | 剩余特征: 18
2026-01-07 16:44:39 - 
[Step 3] 生成可视化...
2026-01-07 16:44:40 - 
[Step 4] 运行建模 (自动优化)...
2026-01-07 16:44:43 - ========================================
2026-01-07 16:44:43 - FINAL REPORT
2026-01-07 16:44:43 - ========================================
2026-01-07 16:44:43 - 1. 算法配置 (Configuration)
2026-01-07 16:44:43 -    - Feature Algo : MPA
2026-01-07 16:44:43 -    - Model Algo   : PLS
2026-01-07 16:44:43 - ----------------------------------------
2026-01-07 16:44:43 - 2. 特征筛选结果 (Feature Selection)
2026-01-07 16:44:43 -    - Count        : 18
2026-01-07 16:44:43 -    - Selected     : ['b25', 'b26', 'b28', 'b29', 'b32', 'b35', 'b57', 'b58', 'b59', 'b67', 'b71', 'b97', 'b98', 'b99', 'b105', 'b106', 'b135', 'b140']
2026-01-07 16:44:43 - ----------------------------------------
2026-01-07 16:44:43 - 3. 模型优化参数 (Hyperparameters)
2026-01-07 16:44:43 -    - Best Params  : {'n_components': 10}
2026-01-07 16:44:43 - ----------------------------------------
2026-01-07 16:44:43 - 4. 模型性能表现 (Model Performance)
2026-01-07 16:44:43 -    [Training Set]
2026-01-07 16:44:43 -    - R2           : 0.78
2026-01-07 16:44:43 -    - RMSE         : 1.39
2026-01-07 16:44:43 -    - - - - - - - - - - - - - - -
2026-01-07 16:44:43 -    [Test Set] (Independent)
2026-01-07 16:44:43 -    - R2           : 0.04
2026-01-07 16:44:43 -    - RMSE         : 3.08
2026-01-07 16:44:43 - ========================================
