10:22:03 - 🚀 任务启动: CARS_RF_20260119_102203
10:22:03 -    [Processor] 读取原始数据: dataSet.csv
10:22:03 -    [Processor] 执行分层抽样 (Test Size: 0.3)...
10:22:03 -    [Box-Cox] 未启用，保留原始数据。
10:22:03 -    ✅ 数据预处理完成. Train: 47, Test: 21
10:22:03 - 
[Step 2] 运行特征处理 (CARS)...
10:22:03 -    >>> 模式: 特征筛选 (Feature Selection)
10:22:05 - ✅ 特征处理结束 | 最终特征数: 3
10:22:05 - 
[Step 3] 可视化检查...
10:22:05 - 
[Step 4] 运行建模 (RF)...
10:23:11 - ========================================
10:23:11 - FINAL REPORT
10:23:11 - ========================================
10:23:11 -    [Train] R2=0.8567, RMSE=1.1115
10:23:11 -    [Test ] R2=0.3696, RMSE=2.4953
10:23:11 - ========================================
10:23:11 - Run Completed.
