2026-01-09 18:07:42 -    读取数据: C:\_code\FS_SSC\resource\dataSet.csv
2026-01-09 18:07:42 -    已添加 'Sample_ID' 列，用于保留原始样本行号信息。
2026-01-09 18:07:42 -    正在执行基于梯度的分层抽样 (Stratified Split)...
2026-01-09 18:07:42 -    [Data Split] 完成 | 训练集: 47 | 测试集: 21
2026-01-09 18:07:42 -    [Check] 训练集Max: 11.80 | 测试集Max: 12.88
2026-01-09 18:07:42 - 
[Step 2] 运行筛选 (SPA)...
2026-01-09 18:07:48 - ✅ 筛选结束 | 剩余特征: 10
2026-01-09 18:07:48 - 
[Step 3] 生成可视化...
2026-01-09 18:07:48 - 
[Step 4] 运行建模 (自动优化)...
2026-01-09 18:07:49 - ========================================
2026-01-09 18:07:49 - FINAL REPORT
2026-01-09 18:07:49 - ========================================
2026-01-09 18:07:49 - 1. 算法配置 (Configuration)
2026-01-09 18:07:49 -    - Feature Algo : SPA
2026-01-09 18:07:49 -    [Parameters]:
2026-01-09 18:07:49 -    - Model Algo   : PLS
2026-01-09 18:07:49 - ----------------------------------------
2026-01-09 18:07:49 - 2. 特征筛选结果 (Feature Selection)
2026-01-09 18:07:49 -    - Count        : 10
2026-01-09 18:07:49 -    - Selected     : ['b160', 'b100', 'b142', 'b158', 'b155', 'b152', 'b14', 'b150', 'b163', 'b138']
2026-01-09 18:07:49 - ----------------------------------------
2026-01-09 18:07:49 - 3. 建模参数 (Model Hyperparameters)
2026-01-09 18:07:49 -    - Best Params  : {'n_components': 6}
2026-01-09 18:07:49 - ----------------------------------------
2026-01-09 18:07:49 - 4. 模型性能表现 (Model Performance)
2026-01-09 18:07:49 -    [Training Set]
2026-01-09 18:07:49 -    - R2           : 0.6090
2026-01-09 18:07:49 -    - RMSE         : 1.8361
2026-01-09 18:07:49 -    - - - - - - - - - - - - - - -
2026-01-09 18:07:49 -    [Test Set] (Independent)
2026-01-09 18:07:49 -    - R2           : 0.3468
2026-01-09 18:07:49 -    - RMSE         : 2.5399
2026-01-09 18:07:49 - ========================================
