2026-01-07 16:52:51 -    读取数据: C:\_code\FS_SSC\resource\dataSet.csv
2026-01-07 16:52:51 -    已添加 'Sample_ID' 列，用于保留原始样本行号信息。
2026-01-07 16:52:51 -    正在执行基于梯度的分层抽样 (Stratified Split)...
2026-01-07 16:52:51 -    [Data Split] 完成 | 训练集: 47 | 测试集: 21
2026-01-07 16:52:51 -    [Check] 训练集Max: 11.80 | 测试集Max: 12.88
2026-01-07 16:52:51 - 
[Step 2] 运行筛选 (MPA)...
2026-01-07 16:53:21 - ✅ 筛选结束 | 剩余特征: 17
2026-01-07 16:53:21 - 
[Step 3] 生成可视化...
2026-01-07 16:53:21 - 
[Step 4] 运行建模 (自动优化)...
2026-01-07 16:53:25 - ========================================
2026-01-07 16:53:25 - FINAL REPORT
2026-01-07 16:53:25 - ========================================
2026-01-07 16:53:25 - 1. 算法配置 (Configuration)
2026-01-07 16:53:25 -    - Feature Algo : MPA
2026-01-07 16:53:25 -    [Parameters]:
2026-01-07 16:53:25 -      * epoch        : 200
2026-01-07 16:53:25 -      * pop_size     : 100
2026-01-07 16:53:25 -      * penalty      : 0.2
2026-01-07 16:53:25 -    - Model Algo   : PLS
2026-01-07 16:53:25 - ----------------------------------------
2026-01-07 16:53:25 - 2. 特征筛选结果 (Feature Selection)
2026-01-07 16:53:25 -    - Count        : 17
2026-01-07 16:53:25 -    - Selected     : ['b20', 'b21', 'b31', 'b34', 'b35', 'b36', 'b48', 'b54', 'b55', 'b59', 'b70', 'b71', 'b73', 'b78', 'b99', 'b104', 'b126']
2026-01-07 16:53:25 - ----------------------------------------
2026-01-07 16:53:25 - 3. 建模参数 (Model Hyperparameters)
2026-01-07 16:53:25 -    - Best Params  : {'n_components': 3}
2026-01-07 16:53:25 - ----------------------------------------
2026-01-07 16:53:25 - 4. 模型性能表现 (Model Performance)
2026-01-07 16:53:25 -    [Training Set]
2026-01-07 16:53:25 -    - R2           : 0.5038
2026-01-07 16:53:25 -    - RMSE         : 2.0685
2026-01-07 16:53:25 -    - - - - - - - - - - - - - - -
2026-01-07 16:53:25 -    [Test Set] (Independent)
2026-01-07 16:53:25 -    - R2           : 0.3526
2026-01-07 16:53:25 -    - RMSE         : 2.5286
2026-01-07 16:53:25 - ========================================
