10:55:08 - 🚀 任务启动: HHO_RF_20260119_105508
10:55:08 -    [Processor] 读取原始数据: dataSet.csv
10:55:08 -    [Processor] 执行分层抽样 (Test Size: 0.3)...
10:55:08 -    [Box-Cox] 未启用，保留原始数据。
10:55:08 -    ✅ 数据预处理完成. Train: 47, Test: 21
10:55:08 - 
[Step 2] 运行特征处理 (HHO)...
10:55:08 -    >>> 模式: 特征筛选 (Feature Selection)
10:57:01 - ✅ 特征处理结束 | 最终特征数: 9
10:57:01 - 
[Step 3] 可视化检查...
10:57:02 - 
[Step 4] 运行建模 (RF)...
10:57:29 - ========================================
10:57:29 - FINAL REPORT
10:57:29 - ========================================
10:57:29 -    [Train] R2=0.8333, RMSE=1.1989
10:57:29 -    [Test ] R2=0.3419, RMSE=2.5495
10:57:29 - ========================================
10:57:29 - Run Completed.
