2026-01-09 18:23:36 -    读取数据: C:\_code\FS_SSC\resource\dataSet.csv
2026-01-09 18:23:36 -    已添加 'Sample_ID' 列，用于保留原始样本行号信息。
2026-01-09 18:23:36 -    正在执行基于梯度的分层抽样 (Stratified Split)...
2026-01-09 18:23:36 -    [Data Split] 完成 | 训练集: 47 | 测试集: 21
2026-01-09 18:23:36 -    [Check] 训练集Max: 11.80 | 测试集Max: 12.88
2026-01-09 18:23:36 - 
[Step 2] 运行筛选 (CARS)...
2026-01-09 18:23:37 - ✅ 筛选结束 | 剩余特征: 3
2026-01-09 18:23:37 - 
[Step 3] 生成可视化...
2026-01-09 18:23:38 - 
[Step 4] 运行建模 (自动优化)...
2026-01-09 18:23:41 - ========================================
2026-01-09 18:23:41 - FINAL REPORT
2026-01-09 18:23:41 - ========================================
2026-01-09 18:23:41 - 1. 算法配置 (Configuration)
2026-01-09 18:23:41 -    - Feature Algo : CARS
2026-01-09 18:23:41 -    [Parameters]:
2026-01-09 18:23:41 -      * n_iter       : 200
2026-01-09 18:23:41 -      * k_fold       : 5
2026-01-09 18:23:41 -      * n_components : 5
2026-01-09 18:23:41 -    - Model Algo   : PLS
2026-01-09 18:23:41 - ----------------------------------------
2026-01-09 18:23:41 - 2. 特征筛选结果 (Feature Selection)
2026-01-09 18:23:41 -    - Count        : 3
2026-01-09 18:23:41 -    - Selected     : ['b144', 'b93', 'b80']
2026-01-09 18:23:41 - ----------------------------------------
2026-01-09 18:23:41 - 3. 建模参数 (Model Hyperparameters)
2026-01-09 18:23:41 -    - Best Params  : {'n_components': 3}
2026-01-09 18:23:41 - ----------------------------------------
2026-01-09 18:23:41 - 4. 模型性能表现 (Model Performance)
2026-01-09 18:23:41 -    [Training Set]
2026-01-09 18:23:41 -    - R2           : 0.5304
2026-01-09 18:23:41 -    - RMSE         : 2.0123
2026-01-09 18:23:41 -    - - - - - - - - - - - - - - -
2026-01-09 18:23:41 -    [Test Set] (Independent)
2026-01-09 18:23:41 -    - R2           : 0.2437
2026-01-09 18:23:41 -    - RMSE         : 2.7329
2026-01-09 18:23:41 - ========================================
