2026-01-09 17:18:47 -    读取数据: C:\_code\FS_SSC\resource\dataSet.csv
2026-01-09 17:18:47 -    已添加 'Sample_ID' 列，用于保留原始样本行号信息。
2026-01-09 17:18:47 -    正在执行基于梯度的分层抽样 (Stratified Split)...
2026-01-09 17:18:47 -    [Data Split] 完成 | 训练集: 47 | 测试集: 21
2026-01-09 17:18:47 -    [Check] 训练集Max: 11.80 | 测试集Max: 12.88
2026-01-09 17:18:47 - 
[Step 2] 运行筛选 (HHO)...
2026-01-09 17:19:43 - ✅ 筛选结束 | 剩余特征: 6
2026-01-09 17:19:43 - 
[Step 3] 生成可视化...
2026-01-09 17:19:43 - 
[Step 4] 运行建模 (自动优化)...
2026-01-09 17:19:46 - ========================================
2026-01-09 17:19:46 - FINAL REPORT
2026-01-09 17:19:46 - ========================================
2026-01-09 17:19:46 - 1. 算法配置 (Configuration)
2026-01-09 17:19:46 -    - Feature Algo : HHO
2026-01-09 17:19:46 -    [Parameters]:
2026-01-09 17:19:46 -      * epoch        : 250
2026-01-09 17:19:46 -      * pop_size     : 120
2026-01-09 17:19:46 -      * penalty      : 0.2
2026-01-09 17:19:46 -    - Model Algo   : PLS
2026-01-09 17:19:46 - ----------------------------------------
2026-01-09 17:19:46 - 2. 特征筛选结果 (Feature Selection)
2026-01-09 17:19:46 -    - Count        : 6
2026-01-09 17:19:46 -    - Selected     : ['b17', 'b36', 'b59', 'b71', 'b78', 'b154']
2026-01-09 17:19:46 - ----------------------------------------
2026-01-09 17:19:46 - 3. 建模参数 (Model Hyperparameters)
2026-01-09 17:19:46 -    - Best Params  : {'n_components': 1}
2026-01-09 17:19:46 - ----------------------------------------
2026-01-09 17:19:46 - 4. 模型性能表现 (Model Performance)
2026-01-09 17:19:46 -    [Training Set]
2026-01-09 17:19:46 -    - R2           : 0.4412
2026-01-09 17:19:46 -    - RMSE         : 2.1952
2026-01-09 17:19:46 -    - - - - - - - - - - - - - - -
2026-01-09 17:19:46 -    [Test Set] (Independent)
2026-01-09 17:19:46 -    - R2           : 0.3266
2026-01-09 17:19:46 -    - RMSE         : 2.5789
2026-01-09 17:19:46 - ========================================
