10:42:05 - 🚀 任务启动: HHO_SVM_20260119_104205
10:42:05 -    [Processor] 读取原始数据: dataSet.csv
10:42:05 -    [Processor] 执行分层抽样 (Test Size: 0.3)...
10:42:05 -    [Box-Cox] 未启用，保留原始数据。
10:42:05 -    ✅ 数据预处理完成. Train: 47, Test: 21
10:42:05 - 
[Step 2] 运行特征处理 (HHO)...
10:42:05 -    >>> 模式: 特征筛选 (Feature Selection)
10:43:06 - ✅ 特征处理结束 | 最终特征数: 7
10:43:06 - 
[Step 3] 可视化检查...
10:43:06 - 
[Step 4] 运行建模 (SVM)...
10:43:20 - ========================================
10:43:20 - FINAL REPORT
10:43:20 - ========================================
10:43:20 -    [Train] R2=0.6805, RMSE=1.6597
10:43:20 -    [Test ] R2=0.3255, RMSE=2.5810
10:43:20 - ========================================
10:43:20 - Run Completed.
