2026-01-07 15:40:46 - [Step 0] 数据划分完成 (7:3)
2026-01-07 15:40:46 - 
[Step 1] 运行筛选...
2026-01-07 15:41:04 - ✅ 筛选结束 | 剩余特征: 39
2026-01-07 15:41:04 - 
[Step 2] 生成可视化...
2026-01-07 15:41:05 - 
[Step 3] 运行建模 (自动优化)...
2026-01-07 15:41:08 - 1. 算法配置 (Configuration)
2026-01-07 15:41:08 -    - Feature Algo : MPA
2026-01-07 15:41:08 -    - Model Algo   : PLS
2026-01-07 15:41:08 - ----------------------------------------
2026-01-07 15:41:08 - 2. 特征筛选结果 (Feature Selection)
2026-01-07 15:41:08 -    - Count        : 39
2026-01-07 15:41:08 -    - Selected     : ['b14', 'b16', 'b20', 'b21', 'b30', 'b31', 'b32', 'b34', 'b52', 'b58', 'b60', 'b62', 'b65', 'b75', 'b81', 'b85', 'b86', 'b91', 'b95', 'b107', 'b108', 'b111', 'b116', 'b120', 'b127', 'b128', 'b130', 'b132', 'b137', 'b144', 'b145', 'b146', 'b152', 'b155', 'b156', 'b158', 'b160', 'b161', 'b163']
2026-01-07 15:41:08 - ----------------------------------------
2026-01-07 15:41:08 - 3. 模型优化参数 (Hyperparameters)
2026-01-07 15:41:08 -    - Best Params  : {'n_components': 8}
2026-01-07 15:41:08 - ----------------------------------------
2026-01-07 15:41:08 - 4. 模型性能表现 (Model Performance)
2026-01-07 15:41:08 -    [Training Set]
2026-01-07 15:41:08 -    - R2           : 0.87
2026-01-07 15:41:08 -    - RMSE         : 1.08
2026-01-07 15:41:08 -    - - - - - - - - - - - - - - -
2026-01-07 15:41:08 -    [Test Set] (Independent)
2026-01-07 15:41:08 -    - R2           : -0.44
2026-01-07 15:41:08 -    - RMSE         : 3.56
2026-01-07 15:41:08 - ========================================
2026-01-07 15:41:08 - 🎉 结束 | 结果保存在: log\MPA_PLS_20260107_154046
