2026-01-09 17:16:51 -    读取数据: C:\_code\FS_SSC\resource\dataSet.csv
2026-01-09 17:16:51 -    已添加 'Sample_ID' 列，用于保留原始样本行号信息。
2026-01-09 17:16:51 -    正在执行基于梯度的分层抽样 (Stratified Split)...
2026-01-09 17:16:51 -    [Data Split] 完成 | 训练集: 47 | 测试集: 21
2026-01-09 17:16:51 -    [Check] 训练集Max: 11.80 | 测试集Max: 12.88
2026-01-09 17:16:51 - 
[Step 2] 运行筛选 (HHO)...
2026-01-09 17:17:33 - ✅ 筛选结束 | 剩余特征: 2
2026-01-09 17:17:33 - 
[Step 3] 生成可视化...
2026-01-09 17:17:34 - 
[Step 4] 运行建模 (自动优化)...
2026-01-09 17:17:36 - ========================================
2026-01-09 17:17:36 - FINAL REPORT
2026-01-09 17:17:36 - ========================================
2026-01-09 17:17:36 - 1. 算法配置 (Configuration)
2026-01-09 17:17:36 -    - Feature Algo : HHO
2026-01-09 17:17:36 -    [Parameters]:
2026-01-09 17:17:36 -      * epoch        : 250
2026-01-09 17:17:36 -      * pop_size     : 120
2026-01-09 17:17:36 -      * penalty      : 0.4
2026-01-09 17:17:36 -    - Model Algo   : PLS
2026-01-09 17:17:36 - ----------------------------------------
2026-01-09 17:17:36 - 2. 特征筛选结果 (Feature Selection)
2026-01-09 17:17:36 -    - Count        : 2
2026-01-09 17:17:36 -    - Selected     : ['b25', 'b80']
2026-01-09 17:17:36 - ----------------------------------------
2026-01-09 17:17:36 - 3. 建模参数 (Model Hyperparameters)
2026-01-09 17:17:36 -    - Best Params  : {'n_components': 1}
2026-01-09 17:17:36 - ----------------------------------------
2026-01-09 17:17:36 - 4. 模型性能表现 (Model Performance)
2026-01-09 17:17:36 -    [Training Set]
2026-01-09 17:17:36 -    - R2           : 0.4330
2026-01-09 17:17:36 -    - RMSE         : 2.2112
2026-01-09 17:17:36 -    - - - - - - - - - - - - - - -
2026-01-09 17:17:36 -    [Test Set] (Independent)
2026-01-09 17:17:36 -    - R2           : 0.3297
2026-01-09 17:17:36 -    - RMSE         : 2.5730
2026-01-09 17:17:36 - ========================================
