2026-01-09 15:46:37 -    读取数据: C:\_code\FS_SSC\resource\dataSet.csv
2026-01-09 15:46:37 -    已添加 'Sample_ID' 列，用于保留原始样本行号信息。
2026-01-09 15:46:37 -    正在执行基于梯度的分层抽样 (Stratified Split)...
2026-01-09 15:46:37 -    [Data Split] 完成 | 训练集: 47 | 测试集: 21
2026-01-09 15:46:37 -    [Check] 训练集Max: 11.80 | 测试集Max: 12.88
2026-01-09 15:46:37 - 
[Step 2] 运行筛选 (CARS)...
2026-01-09 15:46:37 - ✅ 筛选结束 | 剩余特征: 5
2026-01-09 15:46:37 - 
[Step 3] 生成可视化...
2026-01-09 15:46:38 - 
[Step 4] 运行建模 (自动优化)...
2026-01-09 15:46:41 - ========================================
2026-01-09 15:46:41 - FINAL REPORT
2026-01-09 15:46:41 - ========================================
2026-01-09 15:46:41 - 1. 算法配置 (Configuration)
2026-01-09 15:46:41 -    - Feature Algo : CARS
2026-01-09 15:46:41 -    [Parameters]:
2026-01-09 15:46:41 -      * n_iter       : 100
2026-01-09 15:46:41 -      * k_fold       : 5
2026-01-09 15:46:41 -      * n_components : 3
2026-01-09 15:46:41 -    - Model Algo   : PLS
2026-01-09 15:46:41 - ----------------------------------------
2026-01-09 15:46:41 - 2. 特征筛选结果 (Feature Selection)
2026-01-09 15:46:41 -    - Count        : 5
2026-01-09 15:46:41 -    - Selected     : ['b14', 'b145', 'b93', 'b99', 'b94']
2026-01-09 15:46:41 - ----------------------------------------
2026-01-09 15:46:41 - 3. 建模参数 (Model Hyperparameters)
2026-01-09 15:46:41 -    - Best Params  : {'n_components': 3}
2026-01-09 15:46:41 - ----------------------------------------
2026-01-09 15:46:41 - 4. 模型性能表现 (Model Performance)
2026-01-09 15:46:41 -    [Training Set]
2026-01-09 15:46:41 -    - R2           : 0.5499
2026-01-09 15:46:41 -    - RMSE         : 1.9701
2026-01-09 15:46:41 -    - - - - - - - - - - - - - - -
2026-01-09 15:46:41 -    [Test Set] (Independent)
2026-01-09 15:46:41 -    - R2           : 0.3217
2026-01-09 15:46:41 -    - RMSE         : 2.5882
2026-01-09 15:46:41 - ========================================
