00:25:46 - 🚀 任务启动: HHO_PLS_20260110_002546
00:25:46 -    [Processor] 读取原始数据: dataSet.csv
00:25:46 -    [Processor] 执行分层抽样 (Test Size: 0.3)...
00:25:46 -    [Box-Cox] 未启用，保留原始数据。
00:25:46 -    ✅ 数据预处理完成. Train: 47, Test: 21
00:25:46 - 
[Step 2] 运行特征处理 (HHO)...
00:25:46 -    >>> 模式: 特征筛选 (Feature Selection)
00:26:04 - ✅ 特征处理结束 | 最终特征数: 1
00:26:04 - 
[Step 3] 可视化检查...
00:26:04 - 
[Step 4] 运行建模 (PLS)...
00:26:07 - ========================================
00:26:07 - FINAL REPORT
00:26:07 - ========================================
00:26:07 -    [Train] R2=0.4454, RMSE=2.1868
00:26:07 -    [Test ] R2=0.3298, RMSE=2.5727
00:26:07 - ========================================
00:26:07 - Run Completed.
