2026-01-07 15:25:26 - [Step 0] 数据划分完成 (7:3)
2026-01-07 15:25:26 - 
[Step 1] 运行筛选...
2026-01-07 15:25:32 - ✅ 筛选结束 | 剩余特征: 67
2026-01-07 15:25:32 - 
[Step 2] 生成可视化...
2026-01-07 15:25:33 - 
[Step 3] 运行建模 (自动优化)...
2026-01-07 15:25:36 - 1. 算法配置 (Configuration)
2026-01-07 15:25:36 -    - Feature Algo : GA
2026-01-07 15:25:36 -    - Model Algo   : PLS
2026-01-07 15:25:36 - ----------------------------------------
2026-01-07 15:25:36 - 2. 特征筛选结果 (Feature Selection)
2026-01-07 15:25:36 -    - Count        : 67
2026-01-07 15:25:36 -    - Selected     : ['b14', 'b15', 'b16', 'b17', 'b20', 'b21', 'b22', 'b23', 'b32', 'b36', 'b45', 'b46', 'b48', 'b49', 'b50', 'b51', 'b52', 'b53', 'b55', 'b56', 'b57', 'b58', 'b62', 'b63', 'b64', 'b68', 'b69', 'b75', 'b76', 'b80', 'b84', 'b85', 'b88', 'b89', 'b90', 'b91', 'b95', 'b96', 'b102', 'b103', 'b105', 'b107', 'b108', 'b110', 'b111', 'b112', 'b116', 'b120', 'b123', 'b124', 'b126', 'b127', 'b131', 'b132', 'b135', 'b137', 'b139', 'b142', 'b145', 'b146', 'b152', 'b155', 'b156', 'b158', 'b160', 'b161', 'b163']
2026-01-07 15:25:36 - ----------------------------------------
2026-01-07 15:25:36 - 3. 模型优化参数 (Hyperparameters)
2026-01-07 15:25:36 -    - Best Params  : {'n_components': 9}
2026-01-07 15:25:36 - ----------------------------------------
2026-01-07 15:25:36 - 4. 模型性能表现 (Model Performance)
2026-01-07 15:25:36 -    [Training Set]
2026-01-07 15:25:36 -    - R2           : 0.90
2026-01-07 15:25:36 -    - RMSE         : 0.97
2026-01-07 15:25:36 -    - - - - - - - - - - - - - - -
2026-01-07 15:25:36 -    [Test Set] (Independent)
2026-01-07 15:25:36 -    - R2           : -0.34
2026-01-07 15:25:36 -    - RMSE         : 3.43
2026-01-07 15:25:36 - ========================================
2026-01-07 15:25:36 - 🎉 结束 | 结果保存在: log\GA_PLS_20260107_152526
