00:25:17 - 🚀 任务启动: HHO_PLS_20260110_002517
00:25:17 -    [Processor] 读取原始数据: dataSet.csv
00:25:17 -    [Processor] 执行分层抽样 (Test Size: 0.3)...
00:25:17 -    🚀 [Box-Cox] 正在执行 Box-Cox 变换...
00:25:17 -    📝 Lambda (0.0443) 已保存至: lambda_value.txt
00:25:17 -    ✅ 数据预处理完成. Train: 47, Test: 21
00:25:17 - 
[Step 2] 运行特征处理 (HHO)...
00:25:17 -    >>> 模式: 特征筛选 (Feature Selection)
00:25:33 - ✅ 特征处理结束 | 最终特征数: 1
00:25:33 - 
[Step 3] 可视化检查...
00:25:33 - 
[Step 4] 运行建模 (PLS)...
00:25:36 - ========================================
00:25:36 - FINAL REPORT
00:25:36 - ========================================
00:25:36 -    [Train] R2=0.2531, RMSE=2.5378
00:25:36 -    [Test ] R2=0.1584, RMSE=2.8831
00:25:36 - ========================================
00:25:36 - Run Completed.
