2026-01-09 17:56:22 -    读取数据: C:\_code\FS_SSC\resource\dataSet.csv
2026-01-09 17:56:22 -    已添加 'Sample_ID' 列，用于保留原始样本行号信息。
2026-01-09 17:56:22 -    正在执行基于梯度的分层抽样 (Stratified Split)...
2026-01-09 17:56:22 -    [Data Split] 完成 | 训练集: 47 | 测试集: 21
2026-01-09 17:56:22 -    [Check] 训练集Max: 11.80 | 测试集Max: 12.88
2026-01-09 17:56:22 - 
[Step 2] 运行筛选 (SPA)...
2026-01-09 17:56:30 - ✅ 筛选结束 | 剩余特征: 2
2026-01-09 17:56:30 - 
[Step 3] 生成可视化...
2026-01-09 17:56:30 - 
[Step 4] 运行建模 (自动优化)...
2026-01-09 17:56:33 - ========================================
2026-01-09 17:56:33 - FINAL REPORT
2026-01-09 17:56:33 - ========================================
2026-01-09 17:56:33 - 1. 算法配置 (Configuration)
2026-01-09 17:56:33 -    - Feature Algo : SPA
2026-01-09 17:56:33 -    [Parameters]:
2026-01-09 17:56:33 -    - Model Algo   : PLS
2026-01-09 17:56:33 - ----------------------------------------
2026-01-09 17:56:33 - 2. 特征筛选结果 (Feature Selection)
2026-01-09 17:56:33 -    - Count        : 2
2026-01-09 17:56:33 -    - Selected     : ['b103', 'b158']
2026-01-09 17:56:33 - ----------------------------------------
2026-01-09 17:56:33 - 3. 建模参数 (Model Hyperparameters)
2026-01-09 17:56:33 -    - Best Params  : {'n_components': 2}
2026-01-09 17:56:33 - ----------------------------------------
2026-01-09 17:56:33 - 4. 模型性能表现 (Model Performance)
2026-01-09 17:56:33 -    [Training Set]
2026-01-09 17:56:33 -    - R2           : 0.4839
2026-01-09 17:56:33 -    - RMSE         : 2.1095
2026-01-09 17:56:33 -    - - - - - - - - - - - - - - -
2026-01-09 17:56:33 -    [Test Set] (Independent)
2026-01-09 17:56:33 -    - R2           : 0.3231
2026-01-09 17:56:33 -    - RMSE         : 2.5856
2026-01-09 17:56:33 - ========================================
