2026-03-03 17:35:32 - INFO - Task started: 20260303_173532_HHO_RF
2026-03-03 17:35:32 - INFO - Available algorithms: ['CARS', 'GA', 'GWO', 'HHO', 'MPA', 'PCA', 'SPA']
2026-03-03 17:35:32 - INFO - Available models: ['PLS', 'RF', 'SVM']
2026-03-03 17:35:32 - INFO - [Step 1] Data preprocessing...
2026-03-03 17:35:32 - INFO -    [Processor] 读取原始数据: dataSet.csv
2026-03-03 17:35:32 - INFO -    [Processor] 执行分层抽样 (Test Size: 0.3)...
2026-03-03 17:35:32 - INFO -    ✅ 数据预处理完成. Train: 47, Test: 21
2026-03-03 17:35:32 - INFO - Configuration exported to config.json
2026-03-03 17:35:32 - INFO - [Step 2] Feature processing (HHO)...
2026-03-03 17:35:32 - INFO -    Mode: Feature Selection
2026-03-03 17:35:32 - INFO - Loading data from: log\20260303_173532_HHO_RF\train_data.csv
2026-03-03 17:35:32 - INFO - Parameters: Epoch=200, Pop=250, Penalty=0.2
2026-03-03 17:35:32 - INFO - Starting optimization...
2026-03-03 17:36:43 - INFO - Best fitness: 0.4095317236853712
2026-03-03 17:36:43 - INFO - Selected features: 2
2026-03-03 17:36:43 - INFO - Results saved to: log\20260303_173532_HHO_RF\selected_features-HHO.csv
2026-03-03 17:36:43 - INFO - Feature processing done | Features: 2 | Time: 70.86s
2026-03-03 17:36:43 - INFO - [Step 3] Visualization...
2026-03-03 17:36:44 - INFO - [Step 4] Modeling (RF)...
2026-03-03 17:36:44 - INFO - Starting modeling pipeline...
2026-03-03 17:36:44 - INFO - Features: 2
2026-03-03 17:36:44 - INFO - Running RF (Optuna, 200 trials)...
2026-03-03 17:37:08 - INFO - Best RMSE: 1.6965
2026-03-03 17:37:09 - INFO - Best params: {'n_estimators': 13, 'max_depth': 2, 'min_samples_split': 4, 'min_samples_leaf': 1, 'max_features': 0.5}
2026-03-03 17:37:09 - INFO - Results -> Train R2: 0.7054 | Test R2: 0.3984 | Test RMSE: 2.4375
2026-03-03 17:37:09 - INFO - Summary exported to summary.json
2026-03-03 17:37:09 - INFO - ========================================
2026-03-03 17:37:09 - INFO - FINAL REPORT
2026-03-03 17:37:09 - INFO - ========================================
2026-03-03 17:37:09 - INFO -    [Train] R2=0.7054, RMSE=1.5938
2026-03-03 17:37:09 - INFO -    [Test ] R2=0.3984, RMSE=2.4375
2026-03-03 17:37:09 - INFO -    [Time ] Selection: 70.86s, Modeling: 24.69s
2026-03-03 17:37:09 - INFO - ========================================
2026-03-03 17:37:09 - INFO - Run Completed.
