2026-02-28 16:31:20 - FS_SSC - INFO - Task started: GA_SVM_20260228_163120
2026-02-28 16:31:20 - FS_SSC - INFO - Available algorithms: ['CARS', 'GA', 'GWO', 'HHO', 'MPA', 'PCA', 'SPA']
2026-02-28 16:31:20 - FS_SSC - INFO - Available models: ['PLS', 'RF', 'SVM']
2026-02-28 16:31:20 - FS_SSC - INFO - [Step 1] Data preprocessing...
2026-02-28 16:31:20 - FS_SSC - INFO -    [Processor] 读取原始数据: dataSet.csv
2026-02-28 16:31:20 - FS_SSC - INFO -    [Processor] 执行分层抽样 (Test Size: 0.3)...
2026-02-28 16:31:20 - FS_SSC - INFO -    [Box-Cox] 未启用，保留原始数据。
2026-02-28 16:31:20 - FS_SSC - INFO -    ✅ 数据预处理完成. Train: 47, Test: 21
2026-02-28 16:31:20 - FS_SSC - INFO - [Step 2] Feature processing (GA)...
2026-02-28 16:31:20 - FS_SSC - INFO -    Mode: Feature Selection
2026-02-28 16:31:20 - FS_SSC - INFO - Loading data from: log\GA_SVM_20260228_163120\train_data.csv
2026-02-28 16:31:20 - FS_SSC - INFO - Parameters: Epoch=200, Pop=50, Penalty=0.6
2026-02-28 16:31:20 - FS_SSC - INFO - Starting optimization...
2026-02-28 16:31:32 - FS_SSC - INFO - Best fitness: 0.3486709395511066
2026-02-28 16:31:32 - FS_SSC - INFO - Selected features: 39
2026-02-28 16:31:32 - FS_SSC - INFO - Results saved to: log\GA_SVM_20260228_163120\selected_features-GA.csv
2026-02-28 16:31:32 - FS_SSC - INFO - Feature processing done | Features: 39
2026-02-28 16:31:32 - FS_SSC - INFO - [Step 3] Visualization...
2026-02-28 16:31:33 - FS_SSC - INFO - [Step 4] Modeling (SVM)...
2026-02-28 16:31:33 - FS_SSC - INFO - Starting modeling pipeline...
2026-02-28 16:31:33 - FS_SSC - INFO - Features: 39
2026-02-28 16:31:33 - FS_SSC - INFO - Running SVM (Optuna, 300 trials)...
2026-02-28 16:31:46 - FS_SSC - INFO - Best RMSE: 1.9768
2026-02-28 16:31:46 - FS_SSC - INFO - Best params: {'C': 8.225574217584843, 'gamma': 0.1908109573958944, 'epsilon': 0.05393414357763254, 'kernel': 'rbf'}
2026-02-28 16:31:46 - FS_SSC - INFO - Results (no transform) -> Train R2: 0.9876 | Test R2: 0.3493 | Test RMSE: 2.5350
2026-02-28 16:31:46 - FS_SSC - INFO - ========================================
2026-02-28 16:31:46 - FS_SSC - INFO - FINAL REPORT
2026-02-28 16:31:46 - FS_SSC - INFO - ========================================
2026-02-28 16:31:46 - FS_SSC - INFO -    [Train] R2=0.9876, RMSE=0.3273
2026-02-28 16:31:46 - FS_SSC - INFO -    [Test ] R2=0.3493, RMSE=2.5350
2026-02-28 16:31:46 - FS_SSC - INFO - ========================================
2026-02-28 16:31:46 - FS_SSC - INFO - Run Completed.
