00:27:13 - 🚀 任务启动: HHO_PLS_20260110_002713
00:27:13 -    [Processor] 读取原始数据: dataSet.csv
00:27:13 -    [Processor] 执行分层抽样 (Test Size: 0.3)...
00:27:13 -    [Box-Cox] 未启用，保留原始数据。
00:27:13 -    ✅ 数据预处理完成. Train: 47, Test: 21
00:27:13 - 
[Step 2] 运行特征处理 (HHO)...
00:27:13 -    >>> 模式: 特征筛选 (Feature Selection)
00:27:59 - ✅ 特征处理结束 | 最终特征数: 11
00:27:59 - 
[Step 3] 可视化检查...
00:28:00 - 
[Step 4] 运行建模 (PLS)...
00:28:03 - ========================================
00:28:03 - FINAL REPORT
00:28:03 - ========================================
00:28:03 -    [Train] R2=0.6490, RMSE=1.7398
00:28:03 -    [Test ] R2=0.1739, RMSE=2.8563
00:28:03 - ========================================
00:28:03 - Run Completed.
