2026-01-07 16:45:42 -    读取数据: C:\_code\FS_SSC\resource\dataSet.csv
2026-01-07 16:45:42 -    已添加 'Sample_ID' 列，用于保留原始样本行号信息。
2026-01-07 16:45:42 -    正在执行基于梯度的分层抽样 (Stratified Split)...
2026-01-07 16:45:42 -    [Data Split] 完成 | 训练集: 47 | 测试集: 21
2026-01-07 16:45:42 -    [Check] 训练集Max: 11.80 | 测试集Max: 12.88
2026-01-07 16:45:42 - 
[Step 2] 运行筛选 (MPA)...
2026-01-07 16:46:13 - ✅ 筛选结束 | 剩余特征: 11
2026-01-07 16:46:13 - 
[Step 3] 生成可视化...
2026-01-07 16:46:14 - 
[Step 4] 运行建模 (自动优化)...
2026-01-07 16:46:16 - ========================================
2026-01-07 16:46:16 - FINAL REPORT
2026-01-07 16:46:16 - ========================================
2026-01-07 16:46:16 - 1. 算法配置 (Configuration)
2026-01-07 16:46:16 -    - Feature Algo : MPA
2026-01-07 16:46:16 -    - Model Algo   : PLS
2026-01-07 16:46:16 - ----------------------------------------
2026-01-07 16:46:16 - 2. 特征筛选结果 (Feature Selection)
2026-01-07 16:46:16 -    - Count        : 11
2026-01-07 16:46:16 -    - Selected     : ['b21', 'b22', 'b31', 'b32', 'b37', 'b58', 'b69', 'b70', 'b85', 'b92', 'b100']
2026-01-07 16:46:16 - ----------------------------------------
2026-01-07 16:46:16 - 3. 模型优化参数 (Hyperparameters)
2026-01-07 16:46:16 -    - Best Params  : {'n_components': 9}
2026-01-07 16:46:16 - ----------------------------------------
2026-01-07 16:46:16 - 4. 模型性能表现 (Model Performance)
2026-01-07 16:46:16 -    [Training Set]
2026-01-07 16:46:16 -    - R2           : 0.70
2026-01-07 16:46:16 -    - RMSE         : 1.61
2026-01-07 16:46:16 -    - - - - - - - - - - - - - - -
2026-01-07 16:46:16 -    [Test Set] (Independent)
2026-01-07 16:46:16 -    - R2           : 0.01
2026-01-07 16:46:16 -    - RMSE         : 3.13
2026-01-07 16:46:16 - ========================================
