2026-01-09 18:08:36 -    读取数据: C:\_code\FS_SSC\resource\dataSet.csv
2026-01-09 18:08:36 -    已添加 'Sample_ID' 列，用于保留原始样本行号信息。
2026-01-09 18:08:36 -    正在执行基于梯度的分层抽样 (Stratified Split)...
2026-01-09 18:08:36 -    [Data Split] 完成 | 训练集: 47 | 测试集: 21
2026-01-09 18:08:36 -    [Check] 训练集Max: 11.80 | 测试集Max: 12.88
2026-01-09 18:08:36 - 
[Step 2] 运行筛选 (SPA)...
2026-01-09 18:08:42 - ✅ 筛选结束 | 剩余特征: 15
2026-01-09 18:08:42 - 
[Step 3] 生成可视化...
2026-01-09 18:08:42 - 
[Step 4] 运行建模 (自动优化)...
2026-01-09 18:08:43 - ========================================
2026-01-09 18:08:43 - FINAL REPORT
2026-01-09 18:08:43 - ========================================
2026-01-09 18:08:43 - 1. 算法配置 (Configuration)
2026-01-09 18:08:43 -    - Feature Algo : SPA
2026-01-09 18:08:43 -    [Parameters]:
2026-01-09 18:08:43 -    - Model Algo   : PLS
2026-01-09 18:08:43 - ----------------------------------------
2026-01-09 18:08:43 - 2. 特征筛选结果 (Feature Selection)
2026-01-09 18:08:43 -    - Count        : 15
2026-01-09 18:08:43 -    - Selected     : ['b110', 'b91', 'b104', 'b126', 'b53', 'b160', 'b142', 'b152', 'b153', 'b124', 'b145', 'b131', 'b140', 'b14', 'b138']
2026-01-09 18:08:43 - ----------------------------------------
2026-01-09 18:08:43 - 3. 建模参数 (Model Hyperparameters)
2026-01-09 18:08:43 -    - Best Params  : {'n_components': 15}
2026-01-09 18:08:43 - ----------------------------------------
2026-01-09 18:08:43 - 4. 模型性能表现 (Model Performance)
2026-01-09 18:08:43 -    [Training Set]
2026-01-09 18:08:43 -    - R2           : 0.7923
2026-01-09 18:08:43 -    - RMSE         : 1.3384
2026-01-09 18:08:43 -    - - - - - - - - - - - - - - -
2026-01-09 18:08:43 -    [Test Set] (Independent)
2026-01-09 18:08:43 -    - R2           : 0.2157
2026-01-09 18:08:43 -    - RMSE         : 2.7831
2026-01-09 18:08:43 - ========================================
