10:33:36 - 🚀 任务启动: HHO_SVM_20260119_103336
10:33:36 -    [Processor] 读取原始数据: dataSet.csv
10:33:36 -    [Processor] 执行分层抽样 (Test Size: 0.3)...
10:33:36 -    [Box-Cox] 未启用，保留原始数据。
10:33:36 -    ✅ 数据预处理完成. Train: 47, Test: 21
10:33:36 - 
[Step 2] 运行特征处理 (HHO)...
10:33:36 -    >>> 模式: 特征筛选 (Feature Selection)
10:34:43 - ✅ 特征处理结束 | 最终特征数: 14
10:34:43 - 
[Step 3] 可视化检查...
10:34:44 - 
[Step 4] 运行建模 (SVM)...
10:34:58 - ========================================
10:34:58 - FINAL REPORT
10:34:58 - ========================================
10:34:58 -    [Train] R2=0.6919, RMSE=1.6299
10:34:58 -    [Test ] R2=0.2754, RMSE=2.6751
10:34:58 - ========================================
10:34:58 - Run Completed.
