2026-01-07 16:34:46 -    读取数据: C:\_code\FS_SSC\resource\dataSet.csv
2026-01-07 16:34:46 -    已添加 'Sample_ID' 列，用于保留原始样本行号信息。
2026-01-07 16:34:46 -    正在执行基于梯度的分层抽样 (Stratified Split)...
2026-01-07 16:34:46 -    [Data Split] 完成 | 训练集: 47 | 测试集: 21
2026-01-07 16:34:46 -    [Check] 训练集Max: 11.80 | 测试集Max: 12.88
2026-01-07 16:34:46 - 
[Step 2] 运行筛选 (GA)...
2026-01-07 16:34:58 - ✅ 筛选结束 | 剩余特征: 46
2026-01-07 16:34:58 - 
[Step 3] 生成可视化...
2026-01-07 16:34:59 - 
[Step 4] 运行建模 (自动优化)...
2026-01-07 16:35:02 - ========================================
2026-01-07 16:35:02 - FINAL REPORT
2026-01-07 16:35:02 - ========================================
2026-01-07 16:35:02 - 1. 算法配置 (Configuration)
2026-01-07 16:35:02 -    - Feature Algo : GA
2026-01-07 16:35:02 -    - Model Algo   : PLS
2026-01-07 16:35:02 - ----------------------------------------
2026-01-07 16:35:02 - 2. 特征筛选结果 (Feature Selection)
2026-01-07 16:35:02 -    - Count        : 46
2026-01-07 16:35:02 -    - Selected     : ['b28', 'b34', 'b35', 'b48', 'b53', 'b57', 'b58', 'b59', 'b60', 'b61', 'b62', 'b63', 'b64', 'b66', 'b69', 'b70', 'b71', 'b72', 'b73', 'b75', 'b78', 'b87', 'b90', 'b91', 'b92', 'b95', 'b102', 'b103', 'b104', 'b106', 'b109', 'b111', 'b112', 'b113', 'b118', 'b132', 'b142', 'b143', 'b144', 'b148', 'b152', 'b156', 'b157', 'b161', 'b162', 'b163']
2026-01-07 16:35:02 - ----------------------------------------
2026-01-07 16:35:02 - 3. 模型优化参数 (Hyperparameters)
2026-01-07 16:35:02 -    - Best Params  : {'n_components': 12}
2026-01-07 16:35:02 - ----------------------------------------
2026-01-07 16:35:02 - 4. 模型性能表现 (Model Performance)
2026-01-07 16:35:02 -    [Training Set]
2026-01-07 16:35:02 -    - R2           : 0.88
2026-01-07 16:35:02 -    - RMSE         : 1.02
2026-01-07 16:35:02 -    - - - - - - - - - - - - - - -
2026-01-07 16:35:02 -    [Test Set] (Independent)
2026-01-07 16:35:02 -    - R2           : -0.08
2026-01-07 16:35:02 -    - RMSE         : 3.27
2026-01-07 16:35:02 - ========================================
