2026-01-07 16:36:28 -    读取数据: C:\_code\FS_SSC\resource\dataSet.csv
2026-01-07 16:36:28 -    已添加 'Sample_ID' 列，用于保留原始样本行号信息。
2026-01-07 16:36:28 -    正在执行基于梯度的分层抽样 (Stratified Split)...
2026-01-07 16:36:28 -    [Data Split] 完成 | 训练集: 47 | 测试集: 21
2026-01-07 16:36:28 -    [Check] 训练集Max: 11.80 | 测试集Max: 12.88
2026-01-07 16:36:28 - 
[Step 2] 运行筛选 (MPA)...
2026-01-07 16:36:47 - ✅ 筛选结束 | 剩余特征: 12
2026-01-07 16:36:47 - 
[Step 3] 生成可视化...
2026-01-07 16:36:47 - 
[Step 4] 运行建模 (自动优化)...
2026-01-07 16:36:50 - ========================================
2026-01-07 16:36:50 - FINAL REPORT
2026-01-07 16:36:50 - ========================================
2026-01-07 16:36:50 - 1. 算法配置 (Configuration)
2026-01-07 16:36:50 -    - Feature Algo : MPA
2026-01-07 16:36:50 -    - Model Algo   : PLS
2026-01-07 16:36:50 - ----------------------------------------
2026-01-07 16:36:50 - 2. 特征筛选结果 (Feature Selection)
2026-01-07 16:36:50 -    - Count        : 12
2026-01-07 16:36:50 -    - Selected     : ['b24', 'b30', 'b33', 'b65', 'b73', 'b78', 'b86', 'b91', 'b99', 'b105', 'b106', 'b142']
2026-01-07 16:36:50 - ----------------------------------------
2026-01-07 16:36:50 - 3. 模型优化参数 (Hyperparameters)
2026-01-07 16:36:50 -    - Best Params  : {'n_components': 6}
2026-01-07 16:36:50 - ----------------------------------------
2026-01-07 16:36:50 - 4. 模型性能表现 (Model Performance)
2026-01-07 16:36:50 -    [Training Set]
2026-01-07 16:36:50 -    - R2           : 0.72
2026-01-07 16:36:50 -    - RMSE         : 1.56
2026-01-07 16:36:50 -    - - - - - - - - - - - - - - -
2026-01-07 16:36:50 -    [Test Set] (Independent)
2026-01-07 16:36:50 -    - R2           : 0.10
2026-01-07 16:36:50 -    - RMSE         : 2.97
2026-01-07 16:36:50 - ========================================
