10:46:55 - 🚀 任务启动: HHO_RF_20260119_104655
10:46:55 -    [Processor] 读取原始数据: dataSet.csv
10:46:55 -    [Processor] 执行分层抽样 (Test Size: 0.3)...
10:46:55 -    [Box-Cox] 未启用，保留原始数据。
10:46:55 -    ✅ 数据预处理完成. Train: 47, Test: 21
10:46:55 - 
[Step 2] 运行特征处理 (HHO)...
10:46:55 -    >>> 模式: 特征筛选 (Feature Selection)
10:47:58 - ✅ 特征处理结束 | 最终特征数: 11
10:47:58 - 
[Step 3] 可视化检查...
10:47:58 - 
[Step 4] 运行建模 (RF)...
10:48:33 - ========================================
10:48:33 - FINAL REPORT
10:48:33 - ========================================
10:48:33 -    [Train] R2=0.8140, RMSE=1.2664
10:48:33 -    [Test ] R2=0.3096, RMSE=2.6112
10:48:33 - ========================================
10:48:33 - Run Completed.
