2026-01-09 15:38:18 -    读取数据: C:\_code\FS_SSC\resource\dataSet.csv
2026-01-09 15:38:18 -    已添加 'Sample_ID' 列，用于保留原始样本行号信息。
2026-01-09 15:38:18 -    正在执行基于梯度的分层抽样 (Stratified Split)...
2026-01-09 15:38:18 -    [Data Split] 完成 | 训练集: 47 | 测试集: 21
2026-01-09 15:38:18 -    [Check] 训练集Max: 11.80 | 测试集Max: 12.88
2026-01-09 15:38:18 - 
[Step 2] 运行筛选 (GWO)...
2026-01-09 15:38:46 - ✅ 筛选结束 | 剩余特征: 24
2026-01-09 15:38:46 - 
[Step 3] 生成可视化...
2026-01-09 15:38:46 - 
[Step 4] 运行建模 (自动优化)...
2026-01-09 15:38:50 - ========================================
2026-01-09 15:38:50 - FINAL REPORT
2026-01-09 15:38:50 - ========================================
2026-01-09 15:38:50 - 1. 算法配置 (Configuration)
2026-01-09 15:38:50 -    - Feature Algo : GWO
2026-01-09 15:38:50 -    [Parameters]:
2026-01-09 15:38:50 -      * epoch        : 200
2026-01-09 15:38:50 -      * pop_size     : 100
2026-01-09 15:38:50 -      * penalty      : 0.2
2026-01-09 15:38:50 -    - Model Algo   : PLS
2026-01-09 15:38:50 - ----------------------------------------
2026-01-09 15:38:50 - 2. 特征筛选结果 (Feature Selection)
2026-01-09 15:38:50 -    - Count        : 24
2026-01-09 15:38:50 -    - Selected     : ['b28', 'b57', 'b58', 'b59', 'b70', 'b72', 'b73', 'b91', 'b92', 'b103', 'b104', 'b106', 'b109', 'b112', 'b124', 'b128', 'b144', 'b146', 'b147', 'b152', 'b155', 'b157', 'b161', 'b163']
2026-01-09 15:38:50 - ----------------------------------------
2026-01-09 15:38:50 - 3. 建模参数 (Model Hyperparameters)
2026-01-09 15:38:50 -    - Best Params  : {'n_components': 14}
2026-01-09 15:38:50 - ----------------------------------------
2026-01-09 15:38:50 - 4. 模型性能表现 (Model Performance)
2026-01-09 15:38:50 -    [Training Set]
2026-01-09 15:38:50 -    - R2           : 0.8501
2026-01-09 15:38:50 -    - RMSE         : 1.1368
2026-01-09 15:38:50 -    - - - - - - - - - - - - - - -
2026-01-09 15:38:50 -    [Test Set] (Independent)
2026-01-09 15:38:50 -    - R2           : 0.1288
2026-01-09 15:38:50 -    - RMSE         : 2.9334
2026-01-09 15:38:50 - ========================================
