2026-01-09 15:56:45 -    读取数据: C:\_code\FS_SSC\resource\dataSet.csv
2026-01-09 15:56:45 -    已添加 'Sample_ID' 列，用于保留原始样本行号信息。
2026-01-09 15:56:45 -    正在执行基于梯度的分层抽样 (Stratified Split)...
2026-01-09 15:56:45 -    [Data Split] 完成 | 训练集: 47 | 测试集: 21
2026-01-09 15:56:45 -    [Check] 训练集Max: 11.80 | 测试集Max: 12.88
2026-01-09 15:56:45 - 
[Step 2] 运行筛选 (MPA)...
2026-01-09 15:57:20 - ✅ 筛选结束 | 剩余特征: 9
2026-01-09 15:57:20 - 
[Step 3] 生成可视化...
2026-01-09 15:57:21 - 
[Step 4] 运行建模 (自动优化)...
2026-01-09 15:57:24 - ========================================
2026-01-09 15:57:24 - FINAL REPORT
2026-01-09 15:57:24 - ========================================
2026-01-09 15:57:24 - 1. 算法配置 (Configuration)
2026-01-09 15:57:24 -    - Feature Algo : MPA
2026-01-09 15:57:24 -    [Parameters]:
2026-01-09 15:57:24 -      * epoch        : 200
2026-01-09 15:57:24 -      * pop_size     : 100
2026-01-09 15:57:24 -      * penalty      : 0.5
2026-01-09 15:57:24 -    - Model Algo   : PLS
2026-01-09 15:57:24 - ----------------------------------------
2026-01-09 15:57:24 - 2. 特征筛选结果 (Feature Selection)
2026-01-09 15:57:24 -    - Count        : 9
2026-01-09 15:57:24 -    - Selected     : ['b24', 'b32', 'b58', 'b70', 'b87', 'b105', 'b106', 'b129', 'b144']
2026-01-09 15:57:24 - ----------------------------------------
2026-01-09 15:57:24 - 3. 建模参数 (Model Hyperparameters)
2026-01-09 15:57:24 -    - Best Params  : {'n_components': 6}
2026-01-09 15:57:24 - ----------------------------------------
2026-01-09 15:57:24 - 4. 模型性能表现 (Model Performance)
2026-01-09 15:57:24 -    [Training Set]
2026-01-09 15:57:24 -    - R2           : 0.7428
2026-01-09 15:57:24 -    - RMSE         : 1.4892
2026-01-09 15:57:24 -    - - - - - - - - - - - - - - -
2026-01-09 15:57:24 -    [Test Set] (Independent)
2026-01-09 15:57:24 -    - R2           : -0.0716
2026-01-09 15:57:24 -    - RMSE         : 3.2532
2026-01-09 15:57:24 - ========================================
