00:24:12 - 🚀 任务启动: HHO_PLS_20260110_002412
00:24:12 -    [Processor] 读取原始数据: dataSet.csv
00:24:12 -    [Processor] 执行分层抽样 (Test Size: 0.3)...
00:24:12 -    🚀 [Box-Cox] 正在执行 Box-Cox 变换...
00:24:12 -    📝 Lambda (0.0443) 已保存至: lambda_value.txt
00:24:12 -    ✅ 数据预处理完成. Train: 47, Test: 21
00:24:12 - 
[Step 2] 运行特征处理 (HHO)...
00:24:12 -    >>> 模式: 特征筛选 (Feature Selection)
00:24:37 - ✅ 特征处理结束 | 最终特征数: 7
00:24:37 - 
[Step 3] 可视化检查...
00:24:38 - 
[Step 4] 运行建模 (PLS)...
00:24:41 - ========================================
00:24:41 - FINAL REPORT
00:24:41 - ========================================
00:24:41 -    [Train] R2=0.3272, RMSE=2.4087
00:24:41 -    [Test ] R2=0.1349, RMSE=2.9231
00:24:41 - ========================================
00:24:41 - Run Completed.
