2026-01-09 15:58:27 -    读取数据: C:\_code\FS_SSC\resource\dataSet.csv
2026-01-09 15:58:27 -    已添加 'Sample_ID' 列，用于保留原始样本行号信息。
2026-01-09 15:58:27 -    正在执行基于梯度的分层抽样 (Stratified Split)...
2026-01-09 15:58:27 -    [Data Split] 完成 | 训练集: 47 | 测试集: 21
2026-01-09 15:58:27 -    [Check] 训练集Max: 11.80 | 测试集Max: 12.88
2026-01-09 15:58:27 - 
[Step 2] 运行筛选 (MPA)...
2026-01-09 15:59:03 - ✅ 筛选结束 | 剩余特征: 9
2026-01-09 15:59:03 - 
[Step 3] 生成可视化...
2026-01-09 15:59:04 - 
[Step 4] 运行建模 (自动优化)...
2026-01-09 15:59:07 - ========================================
2026-01-09 15:59:07 - FINAL REPORT
2026-01-09 15:59:07 - ========================================
2026-01-09 15:59:07 - 1. 算法配置 (Configuration)
2026-01-09 15:59:07 -    - Feature Algo : MPA
2026-01-09 15:59:07 -    [Parameters]:
2026-01-09 15:59:07 -      * epoch        : 200
2026-01-09 15:59:07 -      * pop_size     : 100
2026-01-09 15:59:07 -      * penalty      : 0.5
2026-01-09 15:59:07 -    - Model Algo   : PLS
2026-01-09 15:59:07 - ----------------------------------------
2026-01-09 15:59:07 - 2. 特征筛选结果 (Feature Selection)
2026-01-09 15:59:07 -    - Count        : 9
2026-01-09 15:59:07 -    - Selected     : ['b24', 'b29', 'b31', 'b59', 'b66', 'b69', 'b98', 'b137', 'b153']
2026-01-09 15:59:07 - ----------------------------------------
2026-01-09 15:59:07 - 3. 建模参数 (Model Hyperparameters)
2026-01-09 15:59:07 -    - Best Params  : {'n_components': 5}
2026-01-09 15:59:07 - ----------------------------------------
2026-01-09 15:59:07 - 4. 模型性能表现 (Model Performance)
2026-01-09 15:59:07 -    [Training Set]
2026-01-09 15:59:07 -    - R2           : 0.6898
2026-01-09 15:59:07 -    - RMSE         : 1.6355
2026-01-09 15:59:07 -    - - - - - - - - - - - - - - -
2026-01-09 15:59:07 -    [Test Set] (Independent)
2026-01-09 15:59:07 -    - R2           : 0.2570
2026-01-09 15:59:07 -    - RMSE         : 2.7090
2026-01-09 15:59:07 - ========================================
