10:31:54 - 🚀 任务启动: HHO_PLS_20260119_103154
10:31:54 -    [Processor] 读取原始数据: dataSet.csv
10:31:54 -    [Processor] 执行分层抽样 (Test Size: 0.3)...
10:31:54 -    [Box-Cox] 未启用，保留原始数据。
10:31:54 -    ✅ 数据预处理完成. Train: 47, Test: 21
10:31:54 - 
[Step 2] 运行特征处理 (HHO)...
10:31:54 -    >>> 模式: 特征筛选 (Feature Selection)
10:32:51 - ✅ 特征处理结束 | 最终特征数: 10
10:32:51 - 
[Step 3] 可视化检查...
10:32:52 - 
[Step 4] 运行建模 (PLS)...
10:32:55 - ========================================
10:32:55 - FINAL REPORT
10:32:55 - ========================================
10:32:55 -    [Train] R2=0.5598, RMSE=1.9484
10:32:55 -    [Test ] R2=0.3454, RMSE=2.5427
10:32:55 - ========================================
10:32:55 - Run Completed.
