2026-01-09 15:48:46 -    读取数据: C:\_code\FS_SSC\resource\dataSet.csv
2026-01-09 15:48:46 -    已添加 'Sample_ID' 列，用于保留原始样本行号信息。
2026-01-09 15:48:46 -    正在执行基于梯度的分层抽样 (Stratified Split)...
2026-01-09 15:48:46 -    [Data Split] 完成 | 训练集: 47 | 测试集: 21
2026-01-09 15:48:46 -    [Check] 训练集Max: 11.80 | 测试集Max: 12.88
2026-01-09 15:48:46 - 
[Step 2] 运行筛选 (CARS)...
2026-01-09 15:48:48 - ✅ 筛选结束 | 剩余特征: 4
2026-01-09 15:48:48 - 
[Step 3] 生成可视化...
2026-01-09 15:48:48 - 
[Step 4] 运行建模 (自动优化)...
2026-01-09 15:48:51 - ========================================
2026-01-09 15:48:51 - FINAL REPORT
2026-01-09 15:48:51 - ========================================
2026-01-09 15:48:51 - 1. 算法配置 (Configuration)
2026-01-09 15:48:51 -    - Feature Algo : CARS
2026-01-09 15:48:51 -    [Parameters]:
2026-01-09 15:48:51 -      * n_iter       : 200
2026-01-09 15:48:51 -      * k_fold       : 5
2026-01-09 15:48:51 -      * n_components : 5
2026-01-09 15:48:51 -    - Model Algo   : PLS
2026-01-09 15:48:51 - ----------------------------------------
2026-01-09 15:48:51 - 2. 特征筛选结果 (Feature Selection)
2026-01-09 15:48:51 -    - Count        : 4
2026-01-09 15:48:51 -    - Selected     : ['b15', 'b146', 'b152', 'b92']
2026-01-09 15:48:51 - ----------------------------------------
2026-01-09 15:48:51 - 3. 建模参数 (Model Hyperparameters)
2026-01-09 15:48:51 -    - Best Params  : {'n_components': 4}
2026-01-09 15:48:51 - ----------------------------------------
2026-01-09 15:48:51 - 4. 模型性能表现 (Model Performance)
2026-01-09 15:48:51 -    [Training Set]
2026-01-09 15:48:51 -    - R2           : 0.5844
2026-01-09 15:48:51 -    - RMSE         : 1.8932
2026-01-09 15:48:51 -    - - - - - - - - - - - - - - -
2026-01-09 15:48:51 -    [Test Set] (Independent)
2026-01-09 15:48:51 -    - R2           : 0.3974
2026-01-09 15:48:51 -    - RMSE         : 2.4396
2026-01-09 15:48:51 - ========================================
