10:59:10 - 🚀 任务启动: HHO_RF_20260119_105910
10:59:10 -    [Processor] 读取原始数据: dataSet.csv
10:59:10 -    [Processor] 执行分层抽样 (Test Size: 0.3)...
10:59:10 -    [Box-Cox] 未启用，保留原始数据。
10:59:10 -    ✅ 数据预处理完成. Train: 47, Test: 21
10:59:10 - 
[Step 2] 运行特征处理 (HHO)...
10:59:10 -    >>> 模式: 特征筛选 (Feature Selection)
11:00:46 - ✅ 特征处理结束 | 最终特征数: 3
11:00:46 - 
[Step 3] 可视化检查...
11:00:47 - 
[Step 4] 运行建模 (RF)...
11:01:25 - ========================================
11:01:25 - FINAL REPORT
11:01:25 - ========================================
11:01:25 -    [Train] R2=0.8970, RMSE=0.9426
11:01:25 -    [Test ] R2=0.2904, RMSE=2.6474
11:01:25 - ========================================
11:01:25 - Run Completed.
