00:21:50 - 🚀 任务启动: HHO_PLS_20260110_002150
00:21:50 -    [Processor] 读取原始数据: dataSet.csv
00:21:50 -    [Processor] 执行分层抽样 (Test Size: 0.3)...
00:21:50 -    [Box-Cox] 未启用，保留原始数据。
00:21:50 -    ✅ 数据预处理完成. Train: 47, Test: 21
00:21:50 - 
[Step 2] 运行特征处理 (HHO)...
00:21:50 -    >>> 模式: 特征筛选 (Feature Selection)
00:22:11 - ✅ 特征处理结束 | 最终特征数: 6
00:22:11 - 
[Step 3] 可视化检查...
00:22:11 - 
[Step 4] 运行建模 (PLS)...
00:22:15 - ========================================
00:22:15 - FINAL REPORT
00:22:15 - ========================================
00:22:15 -    [Train] R2=0.4424, RMSE=2.1927
00:22:15 -    [Test ] R2=0.3258, RMSE=2.5804
00:22:15 - ========================================
00:22:15 - Run Completed.
