10:50:27 - 🚀 任务启动: HHO_RF_20260119_105027
10:50:27 -    [Processor] 读取原始数据: dataSet.csv
10:50:27 -    [Processor] 执行分层抽样 (Test Size: 0.3)...
10:50:27 -    [Box-Cox] 未启用，保留原始数据。
10:50:27 -    ✅ 数据预处理完成. Train: 47, Test: 21
10:50:27 - 
[Step 2] 运行特征处理 (HHO)...
10:50:27 -    >>> 模式: 特征筛选 (Feature Selection)
10:51:14 - ✅ 特征处理结束 | 最终特征数: 2
10:51:14 - 
[Step 3] 可视化检查...
10:51:15 - 
[Step 4] 运行建模 (RF)...
10:51:36 - ========================================
10:51:36 - FINAL REPORT
10:51:36 - ========================================
10:51:36 -    [Train] R2=0.7651, RMSE=1.4233
10:51:36 -    [Test ] R2=0.4817, RMSE=2.2625
10:51:36 - ========================================
10:51:36 - Run Completed.
