2026-01-09 15:30:32 -    读取数据: C:\_code\FS_SSC\resource\dataSet.csv
2026-01-09 15:30:32 -    已添加 'Sample_ID' 列，用于保留原始样本行号信息。
2026-01-09 15:30:32 -    正在执行基于梯度的分层抽样 (Stratified Split)...
2026-01-09 15:30:32 -    [Data Split] 完成 | 训练集: 47 | 测试集: 21
2026-01-09 15:30:32 -    [Check] 训练集Max: 11.80 | 测试集Max: 12.88
2026-01-09 15:30:32 - 
[Step 2] 运行筛选 (GWO)...
2026-01-09 15:30:59 - ✅ 筛选结束 | 剩余特征: 25
2026-01-09 15:30:59 - 
[Step 3] 生成可视化...
2026-01-09 15:31:00 - 
[Step 4] 运行建模 (自动优化)...
2026-01-09 15:31:03 - ========================================
2026-01-09 15:31:03 - FINAL REPORT
2026-01-09 15:31:03 - ========================================
2026-01-09 15:31:03 - 1. 算法配置 (Configuration)
2026-01-09 15:31:03 -    - Feature Algo : GWO
2026-01-09 15:31:03 -    [Parameters]:
2026-01-09 15:31:03 -      * epoch        : 200
2026-01-09 15:31:03 -      * pop_size     : 100
2026-01-09 15:31:03 -      * penalty      : 0.2
2026-01-09 15:31:03 -    - Model Algo   : PLS
2026-01-09 15:31:03 - ----------------------------------------
2026-01-09 15:31:03 - 2. 特征筛选结果 (Feature Selection)
2026-01-09 15:31:03 -    - Count        : 25
2026-01-09 15:31:03 -    - Selected     : ['b52', 'b58', 'b59', 'b64', 'b66', 'b69', 'b71', 'b72', 'b77', 'b78', 'b80', 'b91', 'b92', 'b95', 'b96', 'b99', 'b104', 'b109', 'b136', 'b143', 'b144', 'b152', 'b158', 'b161', 'b162']
2026-01-09 15:31:03 - ----------------------------------------
2026-01-09 15:31:03 - 3. 建模参数 (Model Hyperparameters)
2026-01-09 15:31:03 -    - Best Params  : {'n_components': 2}
2026-01-09 15:31:03 - ----------------------------------------
2026-01-09 15:31:03 - 4. 模型性能表现 (Model Performance)
2026-01-09 15:31:03 -    [Training Set]
2026-01-09 15:31:03 -    - R2           : 0.4742
2026-01-09 15:31:03 -    - RMSE         : 2.1293
2026-01-09 15:31:03 -    - - - - - - - - - - - - - - -
2026-01-09 15:31:03 -    [Test Set] (Independent)
2026-01-09 15:31:03 -    - R2           : 0.3384
2026-01-09 15:31:03 -    - RMSE         : 2.5561
2026-01-09 15:31:03 - ========================================
