2026-01-09 15:48:34 -    读取数据: C:\_code\FS_SSC\resource\dataSet.csv
2026-01-09 15:48:34 -    已添加 'Sample_ID' 列，用于保留原始样本行号信息。
2026-01-09 15:48:34 -    正在执行基于梯度的分层抽样 (Stratified Split)...
2026-01-09 15:48:34 -    [Data Split] 完成 | 训练集: 47 | 测试集: 21
2026-01-09 15:48:34 -    [Check] 训练集Max: 11.80 | 测试集Max: 12.88
2026-01-09 15:48:34 - 
[Step 2] 运行筛选 (CARS)...
2026-01-09 15:48:35 - ✅ 筛选结束 | 剩余特征: 37
2026-01-09 15:48:35 - 
[Step 3] 生成可视化...
2026-01-09 15:48:36 - 
[Step 4] 运行建模 (自动优化)...
2026-01-09 15:48:39 - ========================================
2026-01-09 15:48:39 - FINAL REPORT
2026-01-09 15:48:39 - ========================================
2026-01-09 15:48:39 - 1. 算法配置 (Configuration)
2026-01-09 15:48:39 -    - Feature Algo : CARS
2026-01-09 15:48:39 -    [Parameters]:
2026-01-09 15:48:39 -      * n_iter       : 200
2026-01-09 15:48:39 -      * k_fold       : 5
2026-01-09 15:48:39 -      * n_components : 8
2026-01-09 15:48:39 -    - Model Algo   : PLS
2026-01-09 15:48:39 - ----------------------------------------
2026-01-09 15:48:39 - 2. 特征筛选结果 (Feature Selection)
2026-01-09 15:48:39 -    - Count        : 37
2026-01-09 15:48:39 -    - Selected     : ['b101', 'b136', 'b116', 'b99', 'b160', 'b88', 'b98', 'b133', 'b90', 'b33', 'b144', 'b128', 'b26', 'b61', 'b156', 'b31', 'b24', 'b92', 'b59', 'b97', 'b44', 'b161', 'b123', 'b129', 'b57', 'b87', 'b27', 'b152', 'b49', 'b58', 'b124', 'b105', 'b86', 'b157', 'b148', 'b84', 'b29']
2026-01-09 15:48:39 - ----------------------------------------
2026-01-09 15:48:39 - 3. 建模参数 (Model Hyperparameters)
2026-01-09 15:48:39 -    - Best Params  : {'n_components': 8}
2026-01-09 15:48:39 - ----------------------------------------
2026-01-09 15:48:39 - 4. 模型性能表现 (Model Performance)
2026-01-09 15:48:39 -    [Training Set]
2026-01-09 15:48:39 -    - R2           : 0.8032
2026-01-09 15:48:39 -    - RMSE         : 1.3027
2026-01-09 15:48:39 -    - - - - - - - - - - - - - - -
2026-01-09 15:48:39 -    [Test Set] (Independent)
2026-01-09 15:48:39 -    - R2           : 0.2361
2026-01-09 15:48:39 -    - RMSE         : 2.7466
2026-01-09 15:48:39 - ========================================
