2026-01-09 15:46:21 -    读取数据: C:\_code\FS_SSC\resource\dataSet.csv
2026-01-09 15:46:21 -    已添加 'Sample_ID' 列，用于保留原始样本行号信息。
2026-01-09 15:46:21 -    正在执行基于梯度的分层抽样 (Stratified Split)...
2026-01-09 15:46:21 -    [Data Split] 完成 | 训练集: 47 | 测试集: 21
2026-01-09 15:46:21 -    [Check] 训练集Max: 11.80 | 测试集Max: 12.88
2026-01-09 15:46:21 - 
[Step 2] 运行筛选 (CARS)...
2026-01-09 15:46:22 - ✅ 筛选结束 | 剩余特征: 3
2026-01-09 15:46:22 - 
[Step 3] 生成可视化...
2026-01-09 15:46:22 - 
[Step 4] 运行建模 (自动优化)...
2026-01-09 15:46:25 - ========================================
2026-01-09 15:46:25 - FINAL REPORT
2026-01-09 15:46:25 - ========================================
2026-01-09 15:46:25 - 1. 算法配置 (Configuration)
2026-01-09 15:46:25 -    - Feature Algo : CARS
2026-01-09 15:46:25 -    [Parameters]:
2026-01-09 15:46:25 -      * n_iter       : 100
2026-01-09 15:46:25 -      * k_fold       : 5
2026-01-09 15:46:25 -      * n_components : 3
2026-01-09 15:46:25 -    - Model Algo   : PLS
2026-01-09 15:46:25 - ----------------------------------------
2026-01-09 15:46:25 - 2. 特征筛选结果 (Feature Selection)
2026-01-09 15:46:25 -    - Count        : 3
2026-01-09 15:46:25 -    - Selected     : ['b142', 'b99', 'b103']
2026-01-09 15:46:25 - ----------------------------------------
2026-01-09 15:46:25 - 3. 建模参数 (Model Hyperparameters)
2026-01-09 15:46:25 -    - Best Params  : {'n_components': 2}
2026-01-09 15:46:25 - ----------------------------------------
2026-01-09 15:46:25 - 4. 模型性能表现 (Model Performance)
2026-01-09 15:46:25 -    [Training Set]
2026-01-09 15:46:25 -    - R2           : 0.5200
2026-01-09 15:46:25 -    - RMSE         : 2.0345
2026-01-09 15:46:25 -    - - - - - - - - - - - - - - -
2026-01-09 15:46:25 -    [Test Set] (Independent)
2026-01-09 15:46:25 -    - R2           : 0.3400
2026-01-09 15:46:25 -    - RMSE         : 2.5531
2026-01-09 15:46:25 - ========================================
