2026-01-09 18:23:03 -    读取数据: C:\_code\FS_SSC\resource\dataSet.csv
2026-01-09 18:23:03 -    已添加 'Sample_ID' 列，用于保留原始样本行号信息。
2026-01-09 18:23:03 -    正在执行基于梯度的分层抽样 (Stratified Split)...
2026-01-09 18:23:03 -    [Data Split] 完成 | 训练集: 47 | 测试集: 21
2026-01-09 18:23:03 -    [Check] 训练集Max: 11.80 | 测试集Max: 12.88
2026-01-09 18:23:03 - 
[Step 2] 运行筛选 (CARS)...
2026-01-09 18:23:04 - ✅ 筛选结束 | 剩余特征: 8
2026-01-09 18:23:04 - 
[Step 3] 生成可视化...
2026-01-09 18:23:05 - 
[Step 4] 运行建模 (自动优化)...
2026-01-09 18:23:08 - ========================================
2026-01-09 18:23:08 - FINAL REPORT
2026-01-09 18:23:08 - ========================================
2026-01-09 18:23:08 - 1. 算法配置 (Configuration)
2026-01-09 18:23:08 -    - Feature Algo : CARS
2026-01-09 18:23:08 -    [Parameters]:
2026-01-09 18:23:08 -      * n_iter       : 200
2026-01-09 18:23:08 -      * k_fold       : 5
2026-01-09 18:23:08 -      * n_components : 5
2026-01-09 18:23:08 -    - Model Algo   : PLS
2026-01-09 18:23:08 - ----------------------------------------
2026-01-09 18:23:08 - 2. 特征筛选结果 (Feature Selection)
2026-01-09 18:23:08 -    - Count        : 8
2026-01-09 18:23:08 -    - Selected     : ['b161', 'b92', 'b106', 'b58', 'b152', 'b101', 'b146', 'b144']
2026-01-09 18:23:08 - ----------------------------------------
2026-01-09 18:23:08 - 3. 建模参数 (Model Hyperparameters)
2026-01-09 18:23:08 -    - Best Params  : {'n_components': 4}
2026-01-09 18:23:08 - ----------------------------------------
2026-01-09 18:23:08 - 4. 模型性能表现 (Model Performance)
2026-01-09 18:23:08 -    [Training Set]
2026-01-09 18:23:08 -    - R2           : 0.6395
2026-01-09 18:23:08 -    - RMSE         : 1.7632
2026-01-09 18:23:08 -    - - - - - - - - - - - - - - -
2026-01-09 18:23:08 -    [Test Set] (Independent)
2026-01-09 18:23:08 -    - R2           : 0.2355
2026-01-09 18:23:08 -    - RMSE         : 2.7478
2026-01-09 18:23:08 - ========================================
